[DEBUG 2014-04-24 13:14:38 AbstractConverter:setDefaultValue] - Setting default value: false
[DEBUG 2014-04-24 13:14:38 AbstractConverter:convert] - Converting 'Boolean' value 'false' to type 'Boolean'
[DEBUG 2014-04-24 13:14:38 AbstractConverter:convert] -     No conversion required, value is already a Boolean
[DEBUG 2014-04-24 13:14:38 AbstractConverter:setDefaultValue] - Setting default value: 0
[DEBUG 2014-04-24 13:14:38 AbstractConverter:convert] - Converting 'Integer' value '0' to type 'Byte'
[DEBUG 2014-04-24 13:14:38 AbstractConverter:convert] -     Converted to Byte value '0'
[DEBUG 2014-04-24 13:14:38 AbstractConverter:setDefaultValue] - Setting default value:  
[DEBUG 2014-04-24 13:14:38 AbstractConverter:convert] - Converting 'Character' value ' ' to type 'Character'
[DEBUG 2014-04-24 13:14:38 AbstractConverter:convert] -     No conversion required, value is already a Character
[DEBUG 2014-04-24 13:14:38 AbstractConverter:setDefaultValue] - Setting default value: 0
[DEBUG 2014-04-24 13:14:38 AbstractConverter:convert] - Converting 'Integer' value '0' to type 'Double'
[DEBUG 2014-04-24 13:14:38 AbstractConverter:convert] -     Converted to Double value '0.0'
[DEBUG 2014-04-24 13:14:38 AbstractConverter:setDefaultValue] - Setting default value: 0
[DEBUG 2014-04-24 13:14:38 AbstractConverter:convert] - Converting 'Integer' value '0' to type 'Float'
[DEBUG 2014-04-24 13:14:38 AbstractConverter:convert] -     Converted to Float value '0.0'
[DEBUG 2014-04-24 13:14:38 AbstractConverter:setDefaultValue] - Setting default value: 0
[DEBUG 2014-04-24 13:14:38 AbstractConverter:convert] - Converting 'Integer' value '0' to type 'Integer'
[DEBUG 2014-04-24 13:14:38 AbstractConverter:convert] -     No conversion required, value is already a Integer
[DEBUG 2014-04-24 13:14:38 AbstractConverter:setDefaultValue] - Setting default value: 0
[DEBUG 2014-04-24 13:14:38 AbstractConverter:convert] - Converting 'Integer' value '0' to type 'Long'
[DEBUG 2014-04-24 13:14:38 AbstractConverter:convert] -     Converted to Long value '0'
[DEBUG 2014-04-24 13:14:38 AbstractConverter:setDefaultValue] - Setting default value: 0
[DEBUG 2014-04-24 13:14:38 AbstractConverter:convert] - Converting 'Integer' value '0' to type 'Short'
[DEBUG 2014-04-24 13:14:38 AbstractConverter:convert] -     Converted to Short value '0'
[DEBUG 2014-04-24 13:14:38 AbstractConverter:setDefaultValue] - Setting default value: 0.0
[DEBUG 2014-04-24 13:14:38 AbstractConverter:convert] - Converting 'BigDecimal' value '0.0' to type 'BigDecimal'
[DEBUG 2014-04-24 13:14:38 AbstractConverter:convert] -     No conversion required, value is already a BigDecimal
[DEBUG 2014-04-24 13:14:38 AbstractConverter:setDefaultValue] - Setting default value: 0
[DEBUG 2014-04-24 13:14:38 AbstractConverter:convert] - Converting 'BigInteger' value '0' to type 'BigInteger'
[DEBUG 2014-04-24 13:14:38 AbstractConverter:convert] -     No conversion required, value is already a BigInteger
[DEBUG 2014-04-24 13:14:38 AbstractConverter:setDefaultValue] - Setting default value: false
[DEBUG 2014-04-24 13:14:38 AbstractConverter:convert] - Converting 'Boolean' value 'false' to type 'Boolean'
[DEBUG 2014-04-24 13:14:38 AbstractConverter:convert] -     No conversion required, value is already a Boolean
[DEBUG 2014-04-24 13:14:38 AbstractConverter:setDefaultValue] - Setting default value: 0
[DEBUG 2014-04-24 13:14:38 AbstractConverter:convert] - Converting 'Integer' value '0' to type 'Byte'
[DEBUG 2014-04-24 13:14:38 AbstractConverter:convert] -     Converted to Byte value '0'
[DEBUG 2014-04-24 13:14:38 AbstractConverter:setDefaultValue] - Setting default value:  
[DEBUG 2014-04-24 13:14:38 AbstractConverter:convert] - Converting 'Character' value ' ' to type 'Character'
[DEBUG 2014-04-24 13:14:38 AbstractConverter:convert] -     No conversion required, value is already a Character
[DEBUG 2014-04-24 13:14:38 AbstractConverter:setDefaultValue] - Setting default value: 0
[DEBUG 2014-04-24 13:14:38 AbstractConverter:convert] - Converting 'Integer' value '0' to type 'Double'
[DEBUG 2014-04-24 13:14:38 AbstractConverter:convert] -     Converted to Double value '0.0'
[DEBUG 2014-04-24 13:14:38 AbstractConverter:setDefaultValue] - Setting default value: 0
[DEBUG 2014-04-24 13:14:38 AbstractConverter:convert] - Converting 'Integer' value '0' to type 'Float'
[DEBUG 2014-04-24 13:14:38 AbstractConverter:convert] -     Converted to Float value '0.0'
[DEBUG 2014-04-24 13:14:38 AbstractConverter:setDefaultValue] - Setting default value: 0
[DEBUG 2014-04-24 13:14:38 AbstractConverter:convert] - Converting 'Integer' value '0' to type 'Integer'
[DEBUG 2014-04-24 13:14:38 AbstractConverter:convert] -     No conversion required, value is already a Integer
[DEBUG 2014-04-24 13:14:38 AbstractConverter:setDefaultValue] - Setting default value: 0
[DEBUG 2014-04-24 13:14:38 AbstractConverter:convert] - Converting 'Integer' value '0' to type 'Long'
[DEBUG 2014-04-24 13:14:38 AbstractConverter:convert] -     Converted to Long value '0'
[DEBUG 2014-04-24 13:14:38 AbstractConverter:setDefaultValue] - Setting default value: 0
[DEBUG 2014-04-24 13:14:38 AbstractConverter:convert] - Converting 'Integer' value '0' to type 'Short'
[DEBUG 2014-04-24 13:14:38 AbstractConverter:convert] -     Converted to Short value '0'
[DEBUG 2014-04-24 13:14:38 AbstractConverter:setDefaultValue] - Setting default value: 
[DEBUG 2014-04-24 13:14:38 AbstractConverter:convert] - Converting 'String' value '' to type 'String'
[DEBUG 2014-04-24 13:14:38 AbstractConverter:setDefaultValue] - Setting default value: [Z@1b03c1a
[DEBUG 2014-04-24 13:14:38 AbstractConverter:convert] - Converting 'boolean[]' value '[Z@1b03c1a' to type 'boolean[]'
[DEBUG 2014-04-24 13:14:38 AbstractConverter:convert] -     No conversion required, value is already a boolean[]
[DEBUG 2014-04-24 13:14:38 AbstractConverter:setDefaultValue] - Setting default value: [B@139e351
[DEBUG 2014-04-24 13:14:38 AbstractConverter:convert] - Converting 'byte[]' value '[B@139e351' to type 'byte[]'
[DEBUG 2014-04-24 13:14:38 AbstractConverter:convert] -     No conversion required, value is already a byte[]
[DEBUG 2014-04-24 13:14:38 AbstractConverter:setDefaultValue] - Setting default value: [C@29c58e
[DEBUG 2014-04-24 13:14:38 AbstractConverter:convert] - Converting 'char[]' value '[C@29c58e' to type 'char[]'
[DEBUG 2014-04-24 13:14:38 AbstractConverter:convert] -     No conversion required, value is already a char[]
[DEBUG 2014-04-24 13:14:38 AbstractConverter:setDefaultValue] - Setting default value: [D@691dee
[DEBUG 2014-04-24 13:14:38 AbstractConverter:convert] - Converting 'double[]' value '[D@691dee' to type 'double[]'
[DEBUG 2014-04-24 13:14:38 AbstractConverter:convert] -     No conversion required, value is already a double[]
[DEBUG 2014-04-24 13:14:38 AbstractConverter:setDefaultValue] - Setting default value: [F@12bf892
[DEBUG 2014-04-24 13:14:38 AbstractConverter:convert] - Converting 'float[]' value '[F@12bf892' to type 'float[]'
[DEBUG 2014-04-24 13:14:38 AbstractConverter:convert] -     No conversion required, value is already a float[]
[DEBUG 2014-04-24 13:14:38 AbstractConverter:setDefaultValue] - Setting default value: [I@1cc5069
[DEBUG 2014-04-24 13:14:38 AbstractConverter:convert] - Converting 'int[]' value '[I@1cc5069' to type 'int[]'
[DEBUG 2014-04-24 13:14:38 AbstractConverter:convert] -     No conversion required, value is already a int[]
[DEBUG 2014-04-24 13:14:38 AbstractConverter:setDefaultValue] - Setting default value: [J@1568fb5
[DEBUG 2014-04-24 13:14:38 AbstractConverter:convert] - Converting 'long[]' value '[J@1568fb5' to type 'long[]'
[DEBUG 2014-04-24 13:14:38 AbstractConverter:convert] -     No conversion required, value is already a long[]
[DEBUG 2014-04-24 13:14:38 AbstractConverter:setDefaultValue] - Setting default value: [S@1f4bcf7
[DEBUG 2014-04-24 13:14:38 AbstractConverter:convert] - Converting 'short[]' value '[S@1f4bcf7' to type 'short[]'
[DEBUG 2014-04-24 13:14:38 AbstractConverter:convert] -     No conversion required, value is already a short[]
[DEBUG 2014-04-24 13:14:38 AbstractConverter:setDefaultValue] - Setting default value: [Ljava.math.BigDecimal;@a2220f
[DEBUG 2014-04-24 13:14:38 AbstractConverter:convert] - Converting 'BigDecimal[]' value '[Ljava.math.BigDecimal;@a2220f' to type 'BigDecimal[]'
[DEBUG 2014-04-24 13:14:38 AbstractConverter:convert] -     No conversion required, value is already a BigDecimal[]
[DEBUG 2014-04-24 13:14:38 AbstractConverter:setDefaultValue] - Setting default value: [Ljava.math.BigInteger;@6a3960
[DEBUG 2014-04-24 13:14:38 AbstractConverter:convert] - Converting 'BigInteger[]' value '[Ljava.math.BigInteger;@6a3960' to type 'BigInteger[]'
[DEBUG 2014-04-24 13:14:38 AbstractConverter:convert] -     No conversion required, value is already a BigInteger[]
[DEBUG 2014-04-24 13:14:38 AbstractConverter:setDefaultValue] - Setting default value: [Ljava.lang.Boolean;@1911540
[DEBUG 2014-04-24 13:14:38 AbstractConverter:convert] - Converting 'Boolean[]' value '[Ljava.lang.Boolean;@1911540' to type 'Boolean[]'
[DEBUG 2014-04-24 13:14:38 AbstractConverter:convert] -     No conversion required, value is already a Boolean[]
[DEBUG 2014-04-24 13:14:38 AbstractConverter:setDefaultValue] - Setting default value: [Ljava.lang.Byte;@a4488
[DEBUG 2014-04-24 13:14:38 AbstractConverter:convert] - Converting 'Byte[]' value '[Ljava.lang.Byte;@a4488' to type 'Byte[]'
[DEBUG 2014-04-24 13:14:38 AbstractConverter:convert] -     No conversion required, value is already a Byte[]
[DEBUG 2014-04-24 13:14:38 AbstractConverter:setDefaultValue] - Setting default value: [Ljava.lang.Character;@19762f
[DEBUG 2014-04-24 13:14:38 AbstractConverter:convert] - Converting 'Character[]' value '[Ljava.lang.Character;@19762f' to type 'Character[]'
[DEBUG 2014-04-24 13:14:38 AbstractConverter:convert] -     No conversion required, value is already a Character[]
[DEBUG 2014-04-24 13:14:38 AbstractConverter:setDefaultValue] - Setting default value: [Ljava.lang.Double;@19e215b
[DEBUG 2014-04-24 13:14:38 AbstractConverter:convert] - Converting 'Double[]' value '[Ljava.lang.Double;@19e215b' to type 'Double[]'
[DEBUG 2014-04-24 13:14:38 AbstractConverter:convert] -     No conversion required, value is already a Double[]
[DEBUG 2014-04-24 13:14:38 AbstractConverter:setDefaultValue] - Setting default value: [Ljava.lang.Float;@9ff0a8
[DEBUG 2014-04-24 13:14:38 AbstractConverter:convert] - Converting 'Float[]' value '[Ljava.lang.Float;@9ff0a8' to type 'Float[]'
[DEBUG 2014-04-24 13:14:38 AbstractConverter:convert] -     No conversion required, value is already a Float[]
[DEBUG 2014-04-24 13:14:38 AbstractConverter:setDefaultValue] - Setting default value: [Ljava.lang.Integer;@199939
[DEBUG 2014-04-24 13:14:38 AbstractConverter:convert] - Converting 'Integer[]' value '[Ljava.lang.Integer;@199939' to type 'Integer[]'
[DEBUG 2014-04-24 13:14:38 AbstractConverter:convert] -     No conversion required, value is already a Integer[]
[DEBUG 2014-04-24 13:14:38 AbstractConverter:setDefaultValue] - Setting default value: [Ljava.lang.Long;@1d98a
[DEBUG 2014-04-24 13:14:38 AbstractConverter:convert] - Converting 'Long[]' value '[Ljava.lang.Long;@1d98a' to type 'Long[]'
[DEBUG 2014-04-24 13:14:38 AbstractConverter:convert] -     No conversion required, value is already a Long[]
[DEBUG 2014-04-24 13:14:38 AbstractConverter:setDefaultValue] - Setting default value: [Ljava.lang.Short;@18aab40
[DEBUG 2014-04-24 13:14:38 AbstractConverter:convert] - Converting 'Short[]' value '[Ljava.lang.Short;@18aab40' to type 'Short[]'
[DEBUG 2014-04-24 13:14:38 AbstractConverter:convert] -     No conversion required, value is already a Short[]
[DEBUG 2014-04-24 13:14:38 AbstractConverter:setDefaultValue] - Setting default value: [Ljava.lang.String;@f102d3
[DEBUG 2014-04-24 13:14:38 AbstractConverter:convert] - Converting 'String[]' value '[Ljava.lang.String;@f102d3' to type 'String[]'
[DEBUG 2014-04-24 13:14:38 AbstractConverter:convert] -     No conversion required, value is already a String[]
[DEBUG 2014-04-24 13:14:38 AbstractConverter:setDefaultValue] - Setting default value: [Ljava.lang.Class;@f07355
[DEBUG 2014-04-24 13:14:38 AbstractConverter:convert] - Converting 'Class[]' value '[Ljava.lang.Class;@f07355' to type 'Class[]'
[DEBUG 2014-04-24 13:14:38 AbstractConverter:convert] -     No conversion required, value is already a Class[]
[DEBUG 2014-04-24 13:14:38 AbstractConverter:setDefaultValue] - Setting default value: [Ljava.util.Date;@23f1bb
[DEBUG 2014-04-24 13:14:38 AbstractConverter:convert] - Converting 'Date[]' value '[Ljava.util.Date;@23f1bb' to type 'Date[]'
[DEBUG 2014-04-24 13:14:38 AbstractConverter:convert] -     No conversion required, value is already a Date[]
[DEBUG 2014-04-24 13:14:38 AbstractConverter:setDefaultValue] - Setting default value: [Ljava.util.Calendar;@a0864f
[DEBUG 2014-04-24 13:14:38 AbstractConverter:convert] - Converting 'Calendar[]' value '[Ljava.util.Calendar;@a0864f' to type 'Calendar[]'
[DEBUG 2014-04-24 13:14:38 AbstractConverter:convert] -     No conversion required, value is already a Calendar[]
[DEBUG 2014-04-24 13:14:38 AbstractConverter:setDefaultValue] - Setting default value: [Ljava.io.File;@15983b7
[DEBUG 2014-04-24 13:14:38 AbstractConverter:convert] - Converting 'java.io.File[]' value '[Ljava.io.File;@15983b7' to type 'java.io.File[]'
[DEBUG 2014-04-24 13:14:38 AbstractConverter:convert] -     No conversion required, value is already a java.io.File[]
[DEBUG 2014-04-24 13:14:38 AbstractConverter:setDefaultValue] - Setting default value: [Ljava.sql.Date;@1d6747b
[DEBUG 2014-04-24 13:14:38 AbstractConverter:convert] - Converting 'java.sql.Date[]' value '[Ljava.sql.Date;@1d6747b' to type 'java.sql.Date[]'
[DEBUG 2014-04-24 13:14:38 AbstractConverter:convert] -     No conversion required, value is already a java.sql.Date[]
[DEBUG 2014-04-24 13:14:38 AbstractConverter:setDefaultValue] - Setting default value: [Ljava.sql.Time;@6397eb
[DEBUG 2014-04-24 13:14:38 AbstractConverter:convert] - Converting 'java.sql.Time[]' value '[Ljava.sql.Time;@6397eb' to type 'java.sql.Time[]'
[DEBUG 2014-04-24 13:14:38 AbstractConverter:convert] -     No conversion required, value is already a java.sql.Time[]
[DEBUG 2014-04-24 13:14:38 AbstractConverter:setDefaultValue] - Setting default value: [Ljava.sql.Timestamp;@6835fb
[DEBUG 2014-04-24 13:14:38 AbstractConverter:convert] - Converting 'java.sql.Timestamp[]' value '[Ljava.sql.Timestamp;@6835fb' to type 'java.sql.Timestamp[]'
[DEBUG 2014-04-24 13:14:38 AbstractConverter:convert] -     No conversion required, value is already a java.sql.Timestamp[]
[DEBUG 2014-04-24 13:14:38 AbstractConverter:setDefaultValue] - Setting default value: [Ljava.net.URL;@bb494b
[DEBUG 2014-04-24 13:14:38 AbstractConverter:convert] - Converting 'java.net.URL[]' value '[Ljava.net.URL;@bb494b' to type 'java.net.URL[]'
[DEBUG 2014-04-24 13:14:38 AbstractConverter:convert] -     No conversion required, value is already a java.net.URL[]
[DEBUG 2014-04-24 13:14:38 RequestAddCookies:process] - CookieSpec selected: best-match
[DEBUG 2014-04-24 13:14:38 RequestAuthCache:process] - Auth cache not set in the context
[DEBUG 2014-04-24 13:14:38 PoolingHttpClientConnectionManager:requestConnection] - Connection request: [route: {s}->https://api.weixin.qq.com:443][total kept alive: 0; route allocated: 0 of 50; total allocated: 0 of 200]
[DEBUG 2014-04-24 13:14:38 PoolingHttpClientConnectionManager:leaseConnection] - Connection leased: [id: 0][route: {s}->https://api.weixin.qq.com:443][total kept alive: 0; route allocated: 1 of 50; total allocated: 1 of 200]
[DEBUG 2014-04-24 13:14:38 MainClientExec:execute] - Opening connection {s}->https://api.weixin.qq.com:443
[DEBUG 2014-04-24 13:14:39 HttpClientConnectionOperator:connect] - Connecting to api.weixin.qq.com/140.206.160.101:443
[DEBUG 2014-04-24 13:14:39 HttpClientConnectionOperator:connect] - Connection established 192.168.0.74:52099<->140.206.160.101:443
[DEBUG 2014-04-24 13:14:39 MainClientExec:execute] - Executing request GET /cgi-bin/token?grant_type=client_credential&appid=wxfec00410ccsfe2a0&secret=6e64edecb2b9b828213af3ed6f8929c HTTP/1.1
[DEBUG 2014-04-24 13:14:39 MainClientExec:execute] - Target auth state: UNCHALLENGED
[DEBUG 2014-04-24 13:14:39 MainClientExec:execute] - Proxy auth state: UNCHALLENGED
[DEBUG 2014-04-24 13:14:39 LoggingManagedHttpClientConnection:onRequestSubmitted] - http-outgoing-0 >> GET /cgi-bin/token?grant_type=client_credential&appid=wxfec00410ccsfe2a0&secret=6e64edecb2b9b828213af3ed6f8929c HTTP/1.1
[DEBUG 2014-04-24 13:14:39 LoggingManagedHttpClientConnection:onRequestSubmitted] - http-outgoing-0 >> Accept-Encoding: gzip
[DEBUG 2014-04-24 13:14:39 LoggingManagedHttpClientConnection:onRequestSubmitted] - http-outgoing-0 >> Accept-Language: zh-CN,zh;q=0.8
[DEBUG 2014-04-24 13:14:39 LoggingManagedHttpClientConnection:onRequestSubmitted] - http-outgoing-0 >> User-Agent: Mozilla/5.0 (Windows NT 6.1; WOW64) AppleWebKit/537.36 (KHTML, like Gecko) Chrome/33.0.1750.154 Safari/537.36
[DEBUG 2014-04-24 13:14:39 LoggingManagedHttpClientConnection:onRequestSubmitted] - http-outgoing-0 >> Host: api.weixin.qq.com
[DEBUG 2014-04-24 13:14:39 LoggingManagedHttpClientConnection:onRequestSubmitted] - http-outgoing-0 >> Connection: Keep-Alive
[DEBUG 2014-04-24 13:14:39 Wire:wire] - http-outgoing-0 >> "GET /cgi-bin/token?grant_type=client_credential&appid=wxfec00410ccsfe2a0&secret=6e64edecb2b9b828213af3ed6f8929c HTTP/1.1[\r][\n]"
[DEBUG 2014-04-24 13:14:39 Wire:wire] - http-outgoing-0 >> "Accept-Encoding: gzip[\r][\n]"
[DEBUG 2014-04-24 13:14:39 Wire:wire] - http-outgoing-0 >> "Accept-Language: zh-CN,zh;q=0.8[\r][\n]"
[DEBUG 2014-04-24 13:14:39 Wire:wire] - http-outgoing-0 >> "User-Agent: Mozilla/5.0 (Windows NT 6.1; WOW64) AppleWebKit/537.36 (KHTML, like Gecko) Chrome/33.0.1750.154 Safari/537.36[\r][\n]"
[DEBUG 2014-04-24 13:14:39 Wire:wire] - http-outgoing-0 >> "Host: api.weixin.qq.com[\r][\n]"
[DEBUG 2014-04-24 13:14:39 Wire:wire] - http-outgoing-0 >> "Connection: Keep-Alive[\r][\n]"
[DEBUG 2014-04-24 13:14:39 Wire:wire] - http-outgoing-0 >> "[\r][\n]"
[DEBUG 2014-04-24 13:14:39 Wire:wire] - http-outgoing-0 << "HTTP/1.1 200 OK[\r][\n]"
[DEBUG 2014-04-24 13:14:39 Wire:wire] - http-outgoing-0 << "Server: nginx/1.4.4[\r][\n]"
[DEBUG 2014-04-24 13:14:39 Wire:wire] - http-outgoing-0 << "Date: Thu, 24 Apr 2014 05:14:39 GMT[\r][\n]"
[DEBUG 2014-04-24 13:14:39 Wire:wire] - http-outgoing-0 << "Content-Type: application/json; encoding=utf-8[\r][\n]"
[DEBUG 2014-04-24 13:14:39 Wire:wire] - http-outgoing-0 << "Content-Length: 42[\r][\n]"
[DEBUG 2014-04-24 13:14:39 Wire:wire] - http-outgoing-0 << "Connection: keep-alive[\r][\n]"
[DEBUG 2014-04-24 13:14:39 Wire:wire] - http-outgoing-0 << "[\r][\n]"
[DEBUG 2014-04-24 13:14:39 Wire:wire] - http-outgoing-0 << "{"errcode":40013,"errmsg":"invalid appid"}"
[DEBUG 2014-04-24 13:14:39 LoggingManagedHttpClientConnection:onResponseReceived] - http-outgoing-0 << HTTP/1.1 200 OK
[DEBUG 2014-04-24 13:14:39 LoggingManagedHttpClientConnection:onResponseReceived] - http-outgoing-0 << Server: nginx/1.4.4
[DEBUG 2014-04-24 13:14:39 LoggingManagedHttpClientConnection:onResponseReceived] - http-outgoing-0 << Date: Thu, 24 Apr 2014 05:14:39 GMT
[DEBUG 2014-04-24 13:14:39 LoggingManagedHttpClientConnection:onResponseReceived] - http-outgoing-0 << Content-Type: application/json; encoding=utf-8
[DEBUG 2014-04-24 13:14:39 LoggingManagedHttpClientConnection:onResponseReceived] - http-outgoing-0 << Content-Length: 42
[DEBUG 2014-04-24 13:14:39 LoggingManagedHttpClientConnection:onResponseReceived] - http-outgoing-0 << Connection: keep-alive
[DEBUG 2014-04-24 13:14:39 MainClientExec:execute] - Connection can be kept alive for 30000 MILLISECONDS
[DEBUG 2014-04-24 13:14:39 PoolingHttpClientConnectionManager:releaseConnection] - Connection [id: 0][route: {s}->https://api.weixin.qq.com:443] can be kept alive for 30.0 seconds
[DEBUG 2014-04-24 13:14:39 PoolingHttpClientConnectionManager:releaseConnection] - Connection released: [id: 0][route: {s}->https://api.weixin.qq.com:443][total kept alive: 1; route allocated: 1 of 50; total allocated: 1 of 200]
[DEBUG 2014-04-24 13:14:40 RequestAddCookies:process] - CookieSpec selected: best-match
[DEBUG 2014-04-24 13:14:40 RequestAuthCache:process] - Auth cache not set in the context
[DEBUG 2014-04-24 13:14:40 PoolingHttpClientConnectionManager:requestConnection] - Connection request: [route: {s}->https://api.weixin.qq.com:443][total kept alive: 1; route allocated: 1 of 50; total allocated: 1 of 200]
[DEBUG 2014-04-24 13:14:40 PoolingHttpClientConnectionManager:leaseConnection] - Connection leased: [id: 0][route: {s}->https://api.weixin.qq.com:443][total kept alive: 0; route allocated: 1 of 50; total allocated: 1 of 200]
[DEBUG 2014-04-24 13:14:40 MainClientExec:execute] - Stale connection check
[DEBUG 2014-04-24 13:14:40 Wire:wire] - http-outgoing-0 << "[read] I/O error: Read timed out"
[DEBUG 2014-04-24 13:14:40 MainClientExec:execute] - Executing request POST /cgi-bin/menu/create?access_token=null HTTP/1.1
[DEBUG 2014-04-24 13:14:40 MainClientExec:execute] - Target auth state: UNCHALLENGED
[DEBUG 2014-04-24 13:14:40 MainClientExec:execute] - Proxy auth state: UNCHALLENGED
[DEBUG 2014-04-24 13:14:40 LoggingManagedHttpClientConnection:onRequestSubmitted] - http-outgoing-0 >> POST /cgi-bin/menu/create?access_token=null HTTP/1.1
[DEBUG 2014-04-24 13:14:40 LoggingManagedHttpClientConnection:onRequestSubmitted] - http-outgoing-0 >> Accept-Encoding: gzip
[DEBUG 2014-04-24 13:14:40 LoggingManagedHttpClientConnection:onRequestSubmitted] - http-outgoing-0 >> Accept-Language: zh-CN,zh;q=0.8
[DEBUG 2014-04-24 13:14:40 LoggingManagedHttpClientConnection:onRequestSubmitted] - http-outgoing-0 >> User-Agent: Mozilla/5.0 (Windows NT 6.1; WOW64) AppleWebKit/537.36 (KHTML, like Gecko) Chrome/33.0.1750.154 Safari/537.36
[DEBUG 2014-04-24 13:14:40 LoggingManagedHttpClientConnection:onRequestSubmitted] - http-outgoing-0 >> Content-Length: 620
[DEBUG 2014-04-24 13:14:40 LoggingManagedHttpClientConnection:onRequestSubmitted] - http-outgoing-0 >> Content-Type: application/json; encoding=utf-8
[DEBUG 2014-04-24 13:14:40 LoggingManagedHttpClientConnection:onRequestSubmitted] - http-outgoing-0 >> Host: api.weixin.qq.com
[DEBUG 2014-04-24 13:14:40 LoggingManagedHttpClientConnection:onRequestSubmitted] - http-outgoing-0 >> Connection: Keep-Alive
[DEBUG 2014-04-24 13:14:40 Wire:wire] - http-outgoing-0 >> "POST /cgi-bin/menu/create?access_token=null HTTP/1.1[\r][\n]"
[DEBUG 2014-04-24 13:14:40 Wire:wire] - http-outgoing-0 >> "Accept-Encoding: gzip[\r][\n]"
[DEBUG 2014-04-24 13:14:40 Wire:wire] - http-outgoing-0 >> "Accept-Language: zh-CN,zh;q=0.8[\r][\n]"
[DEBUG 2014-04-24 13:14:40 Wire:wire] - http-outgoing-0 >> "User-Agent: Mozilla/5.0 (Windows NT 6.1; WOW64) AppleWebKit/537.36 (KHTML, like Gecko) Chrome/33.0.1750.154 Safari/537.36[\r][\n]"
[DEBUG 2014-04-24 13:14:40 Wire:wire] - http-outgoing-0 >> "Content-Length: 620[\r][\n]"
[DEBUG 2014-04-24 13:14:40 Wire:wire] - http-outgoing-0 >> "Content-Type: application/json; encoding=utf-8[\r][\n]"
[DEBUG 2014-04-24 13:14:40 Wire:wire] - http-outgoing-0 >> "Host: api.weixin.qq.com[\r][\n]"
[DEBUG 2014-04-24 13:14:40 Wire:wire] - http-outgoing-0 >> "Connection: Keep-Alive[\r][\n]"
[DEBUG 2014-04-24 13:14:40 Wire:wire] - http-outgoing-0 >> "[\r][\n]"
[DEBUG 2014-04-24 13:14:40 Wire:wire] - http-outgoing-0 >> "{"button":[{"name":"[0xe8][0x8f][0x9c][0xe5][0x8d][0x95]1","sub_button":[{"key":"1","name":"[0xe5][0xad][0x90][0xe8][0x8f][0x9c][0xe5][0x8d][0x95]1","type":"click"},{"key":"2","name":"[0xe5][0xad][0x90][0xe8][0x8f][0x9c][0xe5][0x8d][0x95]2","type":"click"},{"key":"3","name":"[0xe5][0xad][0x90][0xe8][0x8f][0x9c][0xe5][0x8d][0x95]3","type":"click"},{"key":"4","name":"[0xe5][0xad][0x90][0xe8][0x8f][0x9c][0xe5][0x8d][0x95]4","type":"click"},{"key":"5","name":"[0xe5][0xad][0x90][0xe8][0x8f][0x9c][0xe5][0x8d][0x95]5","type":"click"}]},{"name":"[0xe6][0x88][0x91]","sub_button":[{"key":"BINDING","name":"[0xe7][0xbb][0x91][0xe5][0xae][0x9a][0xe5][0xb8][0x90][0xe5][0x8f][0xb7]","type":"click"},{"key":"5","name":"[0xe5][0xad][0x90][0xe8][0x8f][0x9c][0xe5][0x8d][0x95]2","type":"click"},{"key":"7","name":"[0xe5][0xad][0x90][0xe8][0x8f][0x9c][0xe5][0x8d][0x95]3","type":"click"},{"key":"8","name":"[0xe5][0xad][0x90][0xe8][0x8f][0x9c][0xe5][0x8d][0x95]4","type":"click"},{"key":"9","name":"[0xe5][0xad][0x90][0xe8][0x8f][0x9c][0xe5][0x8d][0x95]5","type":"click"}]},{"name":"[0xe8][0x8f][0x9c][0xe5][0x8d][0x95]3","type":"view","url":"http://www.wudaosoft.com"}]}"
[DEBUG 2014-04-24 13:14:40 Wire:wire] - http-outgoing-0 << "HTTP/1.1 200 OK[\r][\n]"
[DEBUG 2014-04-24 13:14:40 Wire:wire] - http-outgoing-0 << "Server: nginx/1.4.4[\r][\n]"
[DEBUG 2014-04-24 13:14:40 Wire:wire] - http-outgoing-0 << "Date: Thu, 24 Apr 2014 05:14:39 GMT[\r][\n]"
[DEBUG 2014-04-24 13:14:40 Wire:wire] - http-outgoing-0 << "Content-Type: application/json; encoding=utf-8[\r][\n]"
[DEBUG 2014-04-24 13:14:40 Wire:wire] - http-outgoing-0 << "Content-Length: 47[\r][\n]"
[DEBUG 2014-04-24 13:14:40 Wire:wire] - http-outgoing-0 << "Connection: keep-alive[\r][\n]"
[DEBUG 2014-04-24 13:14:40 Wire:wire] - http-outgoing-0 << "[\r][\n]"
[DEBUG 2014-04-24 13:14:40 Wire:wire] - http-outgoing-0 << "{"errcode":40001,"errmsg":"invalid credential"}"
[DEBUG 2014-04-24 13:14:40 LoggingManagedHttpClientConnection:onResponseReceived] - http-outgoing-0 << HTTP/1.1 200 OK
[DEBUG 2014-04-24 13:14:40 LoggingManagedHttpClientConnection:onResponseReceived] - http-outgoing-0 << Server: nginx/1.4.4
[DEBUG 2014-04-24 13:14:40 LoggingManagedHttpClientConnection:onResponseReceived] - http-outgoing-0 << Date: Thu, 24 Apr 2014 05:14:39 GMT
[DEBUG 2014-04-24 13:14:40 LoggingManagedHttpClientConnection:onResponseReceived] - http-outgoing-0 << Content-Type: application/json; encoding=utf-8
[DEBUG 2014-04-24 13:14:40 LoggingManagedHttpClientConnection:onResponseReceived] - http-outgoing-0 << Content-Length: 47
[DEBUG 2014-04-24 13:14:40 LoggingManagedHttpClientConnection:onResponseReceived] - http-outgoing-0 << Connection: keep-alive
[DEBUG 2014-04-24 13:14:40 MainClientExec:execute] - Connection can be kept alive for 30000 MILLISECONDS
[DEBUG 2014-04-24 13:14:40 PoolingHttpClientConnectionManager:releaseConnection] - Connection [id: 0][route: {s}->https://api.weixin.qq.com:443] can be kept alive for 30.0 seconds
[DEBUG 2014-04-24 13:14:40 PoolingHttpClientConnectionManager:releaseConnection] - Connection released: [id: 0][route: {s}->https://api.weixin.qq.com:443][total kept alive: 1; route allocated: 1 of 50; total allocated: 1 of 200]
[DEBUG 2014-04-24 13:16:51 AbstractConverter:setDefaultValue] - Setting default value: false
[DEBUG 2014-04-24 13:16:51 AbstractConverter:convert] - Converting 'Boolean' value 'false' to type 'Boolean'
[DEBUG 2014-04-24 13:16:51 AbstractConverter:convert] -     No conversion required, value is already a Boolean
[DEBUG 2014-04-24 13:16:51 AbstractConverter:setDefaultValue] - Setting default value: 0
[DEBUG 2014-04-24 13:16:51 AbstractConverter:convert] - Converting 'Integer' value '0' to type 'Byte'
[DEBUG 2014-04-24 13:16:51 AbstractConverter:convert] -     Converted to Byte value '0'
[DEBUG 2014-04-24 13:16:51 AbstractConverter:setDefaultValue] - Setting default value:  
[DEBUG 2014-04-24 13:16:51 AbstractConverter:convert] - Converting 'Character' value ' ' to type 'Character'
[DEBUG 2014-04-24 13:16:51 AbstractConverter:convert] -     No conversion required, value is already a Character
[DEBUG 2014-04-24 13:16:51 AbstractConverter:setDefaultValue] - Setting default value: 0
[DEBUG 2014-04-24 13:16:51 AbstractConverter:convert] - Converting 'Integer' value '0' to type 'Double'
[DEBUG 2014-04-24 13:16:51 AbstractConverter:convert] -     Converted to Double value '0.0'
[DEBUG 2014-04-24 13:16:51 AbstractConverter:setDefaultValue] - Setting default value: 0
[DEBUG 2014-04-24 13:16:51 AbstractConverter:convert] - Converting 'Integer' value '0' to type 'Float'
[DEBUG 2014-04-24 13:16:51 AbstractConverter:convert] -     Converted to Float value '0.0'
[DEBUG 2014-04-24 13:16:51 AbstractConverter:setDefaultValue] - Setting default value: 0
[DEBUG 2014-04-24 13:16:51 AbstractConverter:convert] - Converting 'Integer' value '0' to type 'Integer'
[DEBUG 2014-04-24 13:16:51 AbstractConverter:convert] -     No conversion required, value is already a Integer
[DEBUG 2014-04-24 13:16:51 AbstractConverter:setDefaultValue] - Setting default value: 0
[DEBUG 2014-04-24 13:16:51 AbstractConverter:convert] - Converting 'Integer' value '0' to type 'Long'
[DEBUG 2014-04-24 13:16:51 AbstractConverter:convert] -     Converted to Long value '0'
[DEBUG 2014-04-24 13:16:51 AbstractConverter:setDefaultValue] - Setting default value: 0
[DEBUG 2014-04-24 13:16:51 AbstractConverter:convert] - Converting 'Integer' value '0' to type 'Short'
[DEBUG 2014-04-24 13:16:51 AbstractConverter:convert] -     Converted to Short value '0'
[DEBUG 2014-04-24 13:16:51 AbstractConverter:setDefaultValue] - Setting default value: 0.0
[DEBUG 2014-04-24 13:16:51 AbstractConverter:convert] - Converting 'BigDecimal' value '0.0' to type 'BigDecimal'
[DEBUG 2014-04-24 13:16:51 AbstractConverter:convert] -     No conversion required, value is already a BigDecimal
[DEBUG 2014-04-24 13:16:51 AbstractConverter:setDefaultValue] - Setting default value: 0
[DEBUG 2014-04-24 13:16:51 AbstractConverter:convert] - Converting 'BigInteger' value '0' to type 'BigInteger'
[DEBUG 2014-04-24 13:16:51 AbstractConverter:convert] -     No conversion required, value is already a BigInteger
[DEBUG 2014-04-24 13:16:51 AbstractConverter:setDefaultValue] - Setting default value: false
[DEBUG 2014-04-24 13:16:51 AbstractConverter:convert] - Converting 'Boolean' value 'false' to type 'Boolean'
[DEBUG 2014-04-24 13:16:51 AbstractConverter:convert] -     No conversion required, value is already a Boolean
[DEBUG 2014-04-24 13:16:51 AbstractConverter:setDefaultValue] - Setting default value: 0
[DEBUG 2014-04-24 13:16:51 AbstractConverter:convert] - Converting 'Integer' value '0' to type 'Byte'
[DEBUG 2014-04-24 13:16:51 AbstractConverter:convert] -     Converted to Byte value '0'
[DEBUG 2014-04-24 13:16:51 AbstractConverter:setDefaultValue] - Setting default value:  
[DEBUG 2014-04-24 13:16:51 AbstractConverter:convert] - Converting 'Character' value ' ' to type 'Character'
[DEBUG 2014-04-24 13:16:51 AbstractConverter:convert] -     No conversion required, value is already a Character
[DEBUG 2014-04-24 13:16:51 AbstractConverter:setDefaultValue] - Setting default value: 0
[DEBUG 2014-04-24 13:16:51 AbstractConverter:convert] - Converting 'Integer' value '0' to type 'Double'
[DEBUG 2014-04-24 13:16:51 AbstractConverter:convert] -     Converted to Double value '0.0'
[DEBUG 2014-04-24 13:16:51 AbstractConverter:setDefaultValue] - Setting default value: 0
[DEBUG 2014-04-24 13:16:51 AbstractConverter:convert] - Converting 'Integer' value '0' to type 'Float'
[DEBUG 2014-04-24 13:16:51 AbstractConverter:convert] -     Converted to Float value '0.0'
[DEBUG 2014-04-24 13:16:51 AbstractConverter:setDefaultValue] - Setting default value: 0
[DEBUG 2014-04-24 13:16:51 AbstractConverter:convert] - Converting 'Integer' value '0' to type 'Integer'
[DEBUG 2014-04-24 13:16:51 AbstractConverter:convert] -     No conversion required, value is already a Integer
[DEBUG 2014-04-24 13:16:51 AbstractConverter:setDefaultValue] - Setting default value: 0
[DEBUG 2014-04-24 13:16:51 AbstractConverter:convert] - Converting 'Integer' value '0' to type 'Long'
[DEBUG 2014-04-24 13:16:51 AbstractConverter:convert] -     Converted to Long value '0'
[DEBUG 2014-04-24 13:16:51 AbstractConverter:setDefaultValue] - Setting default value: 0
[DEBUG 2014-04-24 13:16:51 AbstractConverter:convert] - Converting 'Integer' value '0' to type 'Short'
[DEBUG 2014-04-24 13:16:51 AbstractConverter:convert] -     Converted to Short value '0'
[DEBUG 2014-04-24 13:16:51 AbstractConverter:setDefaultValue] - Setting default value: 
[DEBUG 2014-04-24 13:16:51 AbstractConverter:convert] - Converting 'String' value '' to type 'String'
[DEBUG 2014-04-24 13:16:51 AbstractConverter:setDefaultValue] - Setting default value: [Z@1b03c1a
[DEBUG 2014-04-24 13:16:51 AbstractConverter:convert] - Converting 'boolean[]' value '[Z@1b03c1a' to type 'boolean[]'
[DEBUG 2014-04-24 13:16:51 AbstractConverter:convert] -     No conversion required, value is already a boolean[]
[DEBUG 2014-04-24 13:16:51 AbstractConverter:setDefaultValue] - Setting default value: [B@17aece8
[DEBUG 2014-04-24 13:16:51 AbstractConverter:convert] - Converting 'byte[]' value '[B@17aece8' to type 'byte[]'
[DEBUG 2014-04-24 13:16:51 AbstractConverter:convert] -     No conversion required, value is already a byte[]
[DEBUG 2014-04-24 13:16:51 AbstractConverter:setDefaultValue] - Setting default value: [C@94257f
[DEBUG 2014-04-24 13:16:51 AbstractConverter:convert] - Converting 'char[]' value '[C@94257f' to type 'char[]'
[DEBUG 2014-04-24 13:16:51 AbstractConverter:convert] -     No conversion required, value is already a char[]
[DEBUG 2014-04-24 13:16:51 AbstractConverter:setDefaultValue] - Setting default value: [D@691dee
[DEBUG 2014-04-24 13:16:51 AbstractConverter:convert] - Converting 'double[]' value '[D@691dee' to type 'double[]'
[DEBUG 2014-04-24 13:16:51 AbstractConverter:convert] -     No conversion required, value is already a double[]
[DEBUG 2014-04-24 13:16:51 AbstractConverter:setDefaultValue] - Setting default value: [F@12bf892
[DEBUG 2014-04-24 13:16:51 AbstractConverter:convert] - Converting 'float[]' value '[F@12bf892' to type 'float[]'
[DEBUG 2014-04-24 13:16:51 AbstractConverter:convert] -     No conversion required, value is already a float[]
[DEBUG 2014-04-24 13:16:51 AbstractConverter:setDefaultValue] - Setting default value: [I@1cc5069
[DEBUG 2014-04-24 13:16:51 AbstractConverter:convert] - Converting 'int[]' value '[I@1cc5069' to type 'int[]'
[DEBUG 2014-04-24 13:16:51 AbstractConverter:convert] -     No conversion required, value is already a int[]
[DEBUG 2014-04-24 13:16:51 AbstractConverter:setDefaultValue] - Setting default value: [J@b32ed4
[DEBUG 2014-04-24 13:16:51 AbstractConverter:convert] - Converting 'long[]' value '[J@b32ed4' to type 'long[]'
[DEBUG 2014-04-24 13:16:51 AbstractConverter:convert] -     No conversion required, value is already a long[]
[DEBUG 2014-04-24 13:16:51 AbstractConverter:setDefaultValue] - Setting default value: [S@1f4bcf7
[DEBUG 2014-04-24 13:16:51 AbstractConverter:convert] - Converting 'short[]' value '[S@1f4bcf7' to type 'short[]'
[DEBUG 2014-04-24 13:16:51 AbstractConverter:convert] -     No conversion required, value is already a short[]
[DEBUG 2014-04-24 13:16:51 AbstractConverter:setDefaultValue] - Setting default value: [Ljava.math.BigDecimal;@a2220f
[DEBUG 2014-04-24 13:16:51 AbstractConverter:convert] - Converting 'BigDecimal[]' value '[Ljava.math.BigDecimal;@a2220f' to type 'BigDecimal[]'
[DEBUG 2014-04-24 13:16:51 AbstractConverter:convert] -     No conversion required, value is already a BigDecimal[]
[DEBUG 2014-04-24 13:16:51 AbstractConverter:setDefaultValue] - Setting default value: [Ljava.math.BigInteger;@6a3960
[DEBUG 2014-04-24 13:16:51 AbstractConverter:convert] - Converting 'BigInteger[]' value '[Ljava.math.BigInteger;@6a3960' to type 'BigInteger[]'
[DEBUG 2014-04-24 13:16:51 AbstractConverter:convert] -     No conversion required, value is already a BigInteger[]
[DEBUG 2014-04-24 13:16:51 AbstractConverter:setDefaultValue] - Setting default value: [Ljava.lang.Boolean;@1dccedd
[DEBUG 2014-04-24 13:16:51 AbstractConverter:convert] - Converting 'Boolean[]' value '[Ljava.lang.Boolean;@1dccedd' to type 'Boolean[]'
[DEBUG 2014-04-24 13:16:51 AbstractConverter:convert] -     No conversion required, value is already a Boolean[]
[DEBUG 2014-04-24 13:16:51 AbstractConverter:setDefaultValue] - Setting default value: [Ljava.lang.Byte;@1911540
[DEBUG 2014-04-24 13:16:51 AbstractConverter:convert] - Converting 'Byte[]' value '[Ljava.lang.Byte;@1911540' to type 'Byte[]'
[DEBUG 2014-04-24 13:16:51 AbstractConverter:convert] -     No conversion required, value is already a Byte[]
[DEBUG 2014-04-24 13:16:51 AbstractConverter:setDefaultValue] - Setting default value: [Ljava.lang.Character;@a4488
[DEBUG 2014-04-24 13:16:51 AbstractConverter:convert] - Converting 'Character[]' value '[Ljava.lang.Character;@a4488' to type 'Character[]'
[DEBUG 2014-04-24 13:16:51 AbstractConverter:convert] -     No conversion required, value is already a Character[]
[DEBUG 2014-04-24 13:16:51 AbstractConverter:setDefaultValue] - Setting default value: [Ljava.lang.Double;@19e215b
[DEBUG 2014-04-24 13:16:51 AbstractConverter:convert] - Converting 'Double[]' value '[Ljava.lang.Double;@19e215b' to type 'Double[]'
[DEBUG 2014-04-24 13:16:51 AbstractConverter:convert] -     No conversion required, value is already a Double[]
[DEBUG 2014-04-24 13:16:51 AbstractConverter:setDefaultValue] - Setting default value: [Ljava.lang.Float;@9ff0a8
[DEBUG 2014-04-24 13:16:51 AbstractConverter:convert] - Converting 'Float[]' value '[Ljava.lang.Float;@9ff0a8' to type 'Float[]'
[DEBUG 2014-04-24 13:16:51 AbstractConverter:convert] -     No conversion required, value is already a Float[]
[DEBUG 2014-04-24 13:16:51 AbstractConverter:setDefaultValue] - Setting default value: [Ljava.lang.Integer;@70be88
[DEBUG 2014-04-24 13:16:51 AbstractConverter:convert] - Converting 'Integer[]' value '[Ljava.lang.Integer;@70be88' to type 'Integer[]'
[DEBUG 2014-04-24 13:16:51 AbstractConverter:convert] -     No conversion required, value is already a Integer[]
[DEBUG 2014-04-24 13:16:51 AbstractConverter:setDefaultValue] - Setting default value: [Ljava.lang.Long;@199939
[DEBUG 2014-04-24 13:16:51 AbstractConverter:convert] - Converting 'Long[]' value '[Ljava.lang.Long;@199939' to type 'Long[]'
[DEBUG 2014-04-24 13:16:51 AbstractConverter:convert] -     No conversion required, value is already a Long[]
[DEBUG 2014-04-24 13:16:51 AbstractConverter:setDefaultValue] - Setting default value: [Ljava.lang.Short;@502819
[DEBUG 2014-04-24 13:16:51 AbstractConverter:convert] - Converting 'Short[]' value '[Ljava.lang.Short;@502819' to type 'Short[]'
[DEBUG 2014-04-24 13:16:51 AbstractConverter:convert] -     No conversion required, value is already a Short[]
[DEBUG 2014-04-24 13:16:51 AbstractConverter:setDefaultValue] - Setting default value: [Ljava.lang.String;@78aa80
[DEBUG 2014-04-24 13:16:51 AbstractConverter:convert] - Converting 'String[]' value '[Ljava.lang.String;@78aa80' to type 'String[]'
[DEBUG 2014-04-24 13:16:51 AbstractConverter:convert] -     No conversion required, value is already a String[]
[DEBUG 2014-04-24 13:16:51 AbstractConverter:setDefaultValue] - Setting default value: [Ljava.lang.Class;@1d98a
[DEBUG 2014-04-24 13:16:51 AbstractConverter:convert] - Converting 'Class[]' value '[Ljava.lang.Class;@1d98a' to type 'Class[]'
[DEBUG 2014-04-24 13:16:51 AbstractConverter:convert] -     No conversion required, value is already a Class[]
[DEBUG 2014-04-24 13:16:51 AbstractConverter:setDefaultValue] - Setting default value: [Ljava.util.Date;@1712651
[DEBUG 2014-04-24 13:16:51 AbstractConverter:convert] - Converting 'Date[]' value '[Ljava.util.Date;@1712651' to type 'Date[]'
[DEBUG 2014-04-24 13:16:51 AbstractConverter:convert] -     No conversion required, value is already a Date[]
[DEBUG 2014-04-24 13:16:51 AbstractConverter:setDefaultValue] - Setting default value: [Ljava.util.Calendar;@f102d3
[DEBUG 2014-04-24 13:16:51 AbstractConverter:convert] - Converting 'Calendar[]' value '[Ljava.util.Calendar;@f102d3' to type 'Calendar[]'
[DEBUG 2014-04-24 13:16:51 AbstractConverter:convert] -     No conversion required, value is already a Calendar[]
[DEBUG 2014-04-24 13:16:51 AbstractConverter:setDefaultValue] - Setting default value: [Ljava.io.File;@23f1bb
[DEBUG 2014-04-24 13:16:51 AbstractConverter:convert] - Converting 'java.io.File[]' value '[Ljava.io.File;@23f1bb' to type 'java.io.File[]'
[DEBUG 2014-04-24 13:16:51 AbstractConverter:convert] -     No conversion required, value is already a java.io.File[]
[DEBUG 2014-04-24 13:16:51 AbstractConverter:setDefaultValue] - Setting default value: [Ljava.sql.Date;@15983b7
[DEBUG 2014-04-24 13:16:51 AbstractConverter:convert] - Converting 'java.sql.Date[]' value '[Ljava.sql.Date;@15983b7' to type 'java.sql.Date[]'
[DEBUG 2014-04-24 13:16:51 AbstractConverter:convert] -     No conversion required, value is already a java.sql.Date[]
[DEBUG 2014-04-24 13:16:51 AbstractConverter:setDefaultValue] - Setting default value: [Ljava.sql.Time;@7976c1
[DEBUG 2014-04-24 13:16:51 AbstractConverter:convert] - Converting 'java.sql.Time[]' value '[Ljava.sql.Time;@7976c1' to type 'java.sql.Time[]'
[DEBUG 2014-04-24 13:16:51 AbstractConverter:convert] -     No conversion required, value is already a java.sql.Time[]
[DEBUG 2014-04-24 13:16:51 AbstractConverter:setDefaultValue] - Setting default value: [Ljava.sql.Timestamp;@6835fb
[DEBUG 2014-04-24 13:16:51 AbstractConverter:convert] - Converting 'java.sql.Timestamp[]' value '[Ljava.sql.Timestamp;@6835fb' to type 'java.sql.Timestamp[]'
[DEBUG 2014-04-24 13:16:51 AbstractConverter:convert] -     No conversion required, value is already a java.sql.Timestamp[]
[DEBUG 2014-04-24 13:16:51 AbstractConverter:setDefaultValue] - Setting default value: [Ljava.net.URL;@bb494b
[DEBUG 2014-04-24 13:16:51 AbstractConverter:convert] - Converting 'java.net.URL[]' value '[Ljava.net.URL;@bb494b' to type 'java.net.URL[]'
[DEBUG 2014-04-24 13:16:51 AbstractConverter:convert] -     No conversion required, value is already a java.net.URL[]
[DEBUG 2014-04-24 13:16:52 RequestAddCookies:process] - CookieSpec selected: best-match
[DEBUG 2014-04-24 13:16:52 RequestAuthCache:process] - Auth cache not set in the context
[DEBUG 2014-04-24 13:16:52 PoolingHttpClientConnectionManager:requestConnection] - Connection request: [route: {s}->https://api.weixin.qq.com:443][total kept alive: 0; route allocated: 0 of 50; total allocated: 0 of 200]
[DEBUG 2014-04-24 13:16:52 PoolingHttpClientConnectionManager:leaseConnection] - Connection leased: [id: 0][route: {s}->https://api.weixin.qq.com:443][total kept alive: 0; route allocated: 1 of 50; total allocated: 1 of 200]
[DEBUG 2014-04-24 13:16:52 MainClientExec:execute] - Opening connection {s}->https://api.weixin.qq.com:443
[DEBUG 2014-04-24 13:16:52 HttpClientConnectionOperator:connect] - Connecting to api.weixin.qq.com/140.206.160.101:443
[DEBUG 2014-04-24 13:16:52 HttpClientConnectionOperator:connect] - Connection established 192.168.0.74:52120<->140.206.160.101:443
[DEBUG 2014-04-24 13:16:52 MainClientExec:execute] - Executing request GET /cgi-bin/token?grant_type=client_credential&appid=wxfec00410ccsfe2a0&secret=6e64edecb2b9b828213af3ed6f8929c HTTP/1.1
[DEBUG 2014-04-24 13:16:52 MainClientExec:execute] - Target auth state: UNCHALLENGED
[DEBUG 2014-04-24 13:16:52 MainClientExec:execute] - Proxy auth state: UNCHALLENGED
[DEBUG 2014-04-24 13:16:52 LoggingManagedHttpClientConnection:onRequestSubmitted] - http-outgoing-0 >> GET /cgi-bin/token?grant_type=client_credential&appid=wxfec00410ccsfe2a0&secret=6e64edecb2b9b828213af3ed6f8929c HTTP/1.1
[DEBUG 2014-04-24 13:16:52 LoggingManagedHttpClientConnection:onRequestSubmitted] - http-outgoing-0 >> Accept-Encoding: gzip
[DEBUG 2014-04-24 13:16:52 LoggingManagedHttpClientConnection:onRequestSubmitted] - http-outgoing-0 >> Accept-Language: zh-CN,zh;q=0.8
[DEBUG 2014-04-24 13:16:52 LoggingManagedHttpClientConnection:onRequestSubmitted] - http-outgoing-0 >> User-Agent: Mozilla/5.0 (Windows NT 6.1; WOW64) AppleWebKit/537.36 (KHTML, like Gecko) Chrome/33.0.1750.154 Safari/537.36
[DEBUG 2014-04-24 13:16:52 LoggingManagedHttpClientConnection:onRequestSubmitted] - http-outgoing-0 >> Host: api.weixin.qq.com
[DEBUG 2014-04-24 13:16:52 LoggingManagedHttpClientConnection:onRequestSubmitted] - http-outgoing-0 >> Connection: Keep-Alive
[DEBUG 2014-04-24 13:16:52 Wire:wire] - http-outgoing-0 >> "GET /cgi-bin/token?grant_type=client_credential&appid=wxfec00410ccsfe2a0&secret=6e64edecb2b9b828213af3ed6f8929c HTTP/1.1[\r][\n]"
[DEBUG 2014-04-24 13:16:52 Wire:wire] - http-outgoing-0 >> "Accept-Encoding: gzip[\r][\n]"
[DEBUG 2014-04-24 13:16:52 Wire:wire] - http-outgoing-0 >> "Accept-Language: zh-CN,zh;q=0.8[\r][\n]"
[DEBUG 2014-04-24 13:16:52 Wire:wire] - http-outgoing-0 >> "User-Agent: Mozilla/5.0 (Windows NT 6.1; WOW64) AppleWebKit/537.36 (KHTML, like Gecko) Chrome/33.0.1750.154 Safari/537.36[\r][\n]"
[DEBUG 2014-04-24 13:16:52 Wire:wire] - http-outgoing-0 >> "Host: api.weixin.qq.com[\r][\n]"
[DEBUG 2014-04-24 13:16:52 Wire:wire] - http-outgoing-0 >> "Connection: Keep-Alive[\r][\n]"
[DEBUG 2014-04-24 13:16:52 Wire:wire] - http-outgoing-0 >> "[\r][\n]"
[DEBUG 2014-04-24 13:16:52 Wire:wire] - http-outgoing-0 << "HTTP/1.1 200 OK[\r][\n]"
[DEBUG 2014-04-24 13:16:52 Wire:wire] - http-outgoing-0 << "Server: nginx/1.4.4[\r][\n]"
[DEBUG 2014-04-24 13:16:52 Wire:wire] - http-outgoing-0 << "Date: Thu, 24 Apr 2014 05:16:52 GMT[\r][\n]"
[DEBUG 2014-04-24 13:16:52 Wire:wire] - http-outgoing-0 << "Content-Type: application/json; encoding=utf-8[\r][\n]"
[DEBUG 2014-04-24 13:16:52 Wire:wire] - http-outgoing-0 << "Content-Length: 42[\r][\n]"
[DEBUG 2014-04-24 13:16:52 Wire:wire] - http-outgoing-0 << "Connection: keep-alive[\r][\n]"
[DEBUG 2014-04-24 13:16:52 Wire:wire] - http-outgoing-0 << "[\r][\n]"
[DEBUG 2014-04-24 13:16:52 Wire:wire] - http-outgoing-0 << "{"errcode":40013,"errmsg":"invalid appid"}"
[DEBUG 2014-04-24 13:16:52 LoggingManagedHttpClientConnection:onResponseReceived] - http-outgoing-0 << HTTP/1.1 200 OK
[DEBUG 2014-04-24 13:16:52 LoggingManagedHttpClientConnection:onResponseReceived] - http-outgoing-0 << Server: nginx/1.4.4
[DEBUG 2014-04-24 13:16:52 LoggingManagedHttpClientConnection:onResponseReceived] - http-outgoing-0 << Date: Thu, 24 Apr 2014 05:16:52 GMT
[DEBUG 2014-04-24 13:16:52 LoggingManagedHttpClientConnection:onResponseReceived] - http-outgoing-0 << Content-Type: application/json; encoding=utf-8
[DEBUG 2014-04-24 13:16:52 LoggingManagedHttpClientConnection:onResponseReceived] - http-outgoing-0 << Content-Length: 42
[DEBUG 2014-04-24 13:16:52 LoggingManagedHttpClientConnection:onResponseReceived] - http-outgoing-0 << Connection: keep-alive
[DEBUG 2014-04-24 13:16:52 MainClientExec:execute] - Connection can be kept alive for 30000 MILLISECONDS
[DEBUG 2014-04-24 13:16:52 PoolingHttpClientConnectionManager:releaseConnection] - Connection [id: 0][route: {s}->https://api.weixin.qq.com:443] can be kept alive for 30.0 seconds
[DEBUG 2014-04-24 13:16:52 PoolingHttpClientConnectionManager:releaseConnection] - Connection released: [id: 0][route: {s}->https://api.weixin.qq.com:443][total kept alive: 1; route allocated: 1 of 50; total allocated: 1 of 200]
[DEBUG 2014-04-24 13:16:52 RequestAddCookies:process] - CookieSpec selected: best-match
[DEBUG 2014-04-24 13:16:52 RequestAuthCache:process] - Auth cache not set in the context
[DEBUG 2014-04-24 13:16:52 PoolingHttpClientConnectionManager:requestConnection] - Connection request: [route: {s}->https://api.weixin.qq.com:443][total kept alive: 1; route allocated: 1 of 50; total allocated: 1 of 200]
[DEBUG 2014-04-24 13:16:52 PoolingHttpClientConnectionManager:leaseConnection] - Connection leased: [id: 0][route: {s}->https://api.weixin.qq.com:443][total kept alive: 0; route allocated: 1 of 50; total allocated: 1 of 200]
[DEBUG 2014-04-24 13:16:52 MainClientExec:execute] - Stale connection check
[DEBUG 2014-04-24 13:16:52 Wire:wire] - http-outgoing-0 << "[read] I/O error: Read timed out"
[DEBUG 2014-04-24 13:16:52 MainClientExec:execute] - Executing request POST /cgi-bin/menu/create?access_token=null HTTP/1.1
[DEBUG 2014-04-24 13:16:52 MainClientExec:execute] - Target auth state: UNCHALLENGED
[DEBUG 2014-04-24 13:16:52 MainClientExec:execute] - Proxy auth state: UNCHALLENGED
[DEBUG 2014-04-24 13:16:52 LoggingManagedHttpClientConnection:onRequestSubmitted] - http-outgoing-0 >> POST /cgi-bin/menu/create?access_token=null HTTP/1.1
[DEBUG 2014-04-24 13:16:52 LoggingManagedHttpClientConnection:onRequestSubmitted] - http-outgoing-0 >> Accept-Encoding: gzip
[DEBUG 2014-04-24 13:16:52 LoggingManagedHttpClientConnection:onRequestSubmitted] - http-outgoing-0 >> Accept-Language: zh-CN,zh;q=0.8
[DEBUG 2014-04-24 13:16:52 LoggingManagedHttpClientConnection:onRequestSubmitted] - http-outgoing-0 >> User-Agent: Mozilla/5.0 (Windows NT 6.1; WOW64) AppleWebKit/537.36 (KHTML, like Gecko) Chrome/33.0.1750.154 Safari/537.36
[DEBUG 2014-04-24 13:16:52 LoggingManagedHttpClientConnection:onRequestSubmitted] - http-outgoing-0 >> Content-Length: 620
[DEBUG 2014-04-24 13:16:52 LoggingManagedHttpClientConnection:onRequestSubmitted] - http-outgoing-0 >> Content-Type: application/json; encoding=utf-8
[DEBUG 2014-04-24 13:16:52 LoggingManagedHttpClientConnection:onRequestSubmitted] - http-outgoing-0 >> Host: api.weixin.qq.com
[DEBUG 2014-04-24 13:16:52 LoggingManagedHttpClientConnection:onRequestSubmitted] - http-outgoing-0 >> Connection: Keep-Alive
[DEBUG 2014-04-24 13:16:52 Wire:wire] - http-outgoing-0 >> "POST /cgi-bin/menu/create?access_token=null HTTP/1.1[\r][\n]"
[DEBUG 2014-04-24 13:16:52 Wire:wire] - http-outgoing-0 >> "Accept-Encoding: gzip[\r][\n]"
[DEBUG 2014-04-24 13:16:52 Wire:wire] - http-outgoing-0 >> "Accept-Language: zh-CN,zh;q=0.8[\r][\n]"
[DEBUG 2014-04-24 13:16:52 Wire:wire] - http-outgoing-0 >> "User-Agent: Mozilla/5.0 (Windows NT 6.1; WOW64) AppleWebKit/537.36 (KHTML, like Gecko) Chrome/33.0.1750.154 Safari/537.36[\r][\n]"
[DEBUG 2014-04-24 13:16:52 Wire:wire] - http-outgoing-0 >> "Content-Length: 620[\r][\n]"
[DEBUG 2014-04-24 13:16:52 Wire:wire] - http-outgoing-0 >> "Content-Type: application/json; encoding=utf-8[\r][\n]"
[DEBUG 2014-04-24 13:16:52 Wire:wire] - http-outgoing-0 >> "Host: api.weixin.qq.com[\r][\n]"
[DEBUG 2014-04-24 13:16:52 Wire:wire] - http-outgoing-0 >> "Connection: Keep-Alive[\r][\n]"
[DEBUG 2014-04-24 13:16:52 Wire:wire] - http-outgoing-0 >> "[\r][\n]"
[DEBUG 2014-04-24 13:16:52 Wire:wire] - http-outgoing-0 >> "{"button":[{"name":"[0xe8][0x8f][0x9c][0xe5][0x8d][0x95]1","sub_button":[{"key":"1","name":"[0xe5][0xad][0x90][0xe8][0x8f][0x9c][0xe5][0x8d][0x95]1","type":"click"},{"key":"2","name":"[0xe5][0xad][0x90][0xe8][0x8f][0x9c][0xe5][0x8d][0x95]2","type":"click"},{"key":"3","name":"[0xe5][0xad][0x90][0xe8][0x8f][0x9c][0xe5][0x8d][0x95]3","type":"click"},{"key":"4","name":"[0xe5][0xad][0x90][0xe8][0x8f][0x9c][0xe5][0x8d][0x95]4","type":"click"},{"key":"5","name":"[0xe5][0xad][0x90][0xe8][0x8f][0x9c][0xe5][0x8d][0x95]5","type":"click"}]},{"name":"[0xe6][0x88][0x91]","sub_button":[{"key":"BINDING","name":"[0xe7][0xbb][0x91][0xe5][0xae][0x9a][0xe5][0xb8][0x90][0xe5][0x8f][0xb7]","type":"click"},{"key":"5","name":"[0xe5][0xad][0x90][0xe8][0x8f][0x9c][0xe5][0x8d][0x95]2","type":"click"},{"key":"7","name":"[0xe5][0xad][0x90][0xe8][0x8f][0x9c][0xe5][0x8d][0x95]3","type":"click"},{"key":"8","name":"[0xe5][0xad][0x90][0xe8][0x8f][0x9c][0xe5][0x8d][0x95]4","type":"click"},{"key":"9","name":"[0xe5][0xad][0x90][0xe8][0x8f][0x9c][0xe5][0x8d][0x95]5","type":"click"}]},{"name":"[0xe8][0x8f][0x9c][0xe5][0x8d][0x95]3","type":"view","url":"http://www.wudaosoft.com"}]}"
[DEBUG 2014-04-24 13:16:52 Wire:wire] - http-outgoing-0 << "HTTP/1.1 200 OK[\r][\n]"
[DEBUG 2014-04-24 13:16:52 Wire:wire] - http-outgoing-0 << "Server: nginx/1.4.4[\r][\n]"
[DEBUG 2014-04-24 13:16:52 Wire:wire] - http-outgoing-0 << "Date: Thu, 24 Apr 2014 05:16:52 GMT[\r][\n]"
[DEBUG 2014-04-24 13:16:52 Wire:wire] - http-outgoing-0 << "Content-Type: application/json; encoding=utf-8[\r][\n]"
[DEBUG 2014-04-24 13:16:52 Wire:wire] - http-outgoing-0 << "Content-Length: 47[\r][\n]"
[DEBUG 2014-04-24 13:16:52 Wire:wire] - http-outgoing-0 << "Connection: keep-alive[\r][\n]"
[DEBUG 2014-04-24 13:16:52 Wire:wire] - http-outgoing-0 << "[\r][\n]"
[DEBUG 2014-04-24 13:16:52 Wire:wire] - http-outgoing-0 << "{"errcode":40001,"errmsg":"invalid credential"}"
[DEBUG 2014-04-24 13:16:52 LoggingManagedHttpClientConnection:onResponseReceived] - http-outgoing-0 << HTTP/1.1 200 OK
[DEBUG 2014-04-24 13:16:52 LoggingManagedHttpClientConnection:onResponseReceived] - http-outgoing-0 << Server: nginx/1.4.4
[DEBUG 2014-04-24 13:16:52 LoggingManagedHttpClientConnection:onResponseReceived] - http-outgoing-0 << Date: Thu, 24 Apr 2014 05:16:52 GMT
[DEBUG 2014-04-24 13:16:52 LoggingManagedHttpClientConnection:onResponseReceived] - http-outgoing-0 << Content-Type: application/json; encoding=utf-8
[DEBUG 2014-04-24 13:16:52 LoggingManagedHttpClientConnection:onResponseReceived] - http-outgoing-0 << Content-Length: 47
[DEBUG 2014-04-24 13:16:52 LoggingManagedHttpClientConnection:onResponseReceived] - http-outgoing-0 << Connection: keep-alive
[DEBUG 2014-04-24 13:16:52 MainClientExec:execute] - Connection can be kept alive for 30000 MILLISECONDS
[DEBUG 2014-04-24 13:16:52 PoolingHttpClientConnectionManager:releaseConnection] - Connection [id: 0][route: {s}->https://api.weixin.qq.com:443] can be kept alive for 30.0 seconds
[DEBUG 2014-04-24 13:16:52 PoolingHttpClientConnectionManager:releaseConnection] - Connection released: [id: 0][route: {s}->https://api.weixin.qq.com:443][total kept alive: 1; route allocated: 1 of 50; total allocated: 1 of 200]
[DEBUG 2014-04-24 13:39:20 RequestAddCookies:process] - CookieSpec selected: best-match
[DEBUG 2014-04-24 13:39:20 RequestAuthCache:process] - Auth cache not set in the context
[DEBUG 2014-04-24 13:39:20 PoolingHttpClientConnectionManager:requestConnection] - Connection request: [route: {s}->https://api.weixin.qq.com:443][total kept alive: 0; route allocated: 0 of 50; total allocated: 0 of 200]
[DEBUG 2014-04-24 13:39:20 PoolingHttpClientConnectionManager:leaseConnection] - Connection leased: [id: 0][route: {s}->https://api.weixin.qq.com:443][total kept alive: 0; route allocated: 1 of 50; total allocated: 1 of 200]
[DEBUG 2014-04-24 13:39:20 MainClientExec:execute] - Opening connection {s}->https://api.weixin.qq.com:443
[DEBUG 2014-04-24 13:39:20 HttpClientConnectionOperator:connect] - Connecting to api.weixin.qq.com/140.206.160.101:443
[DEBUG 2014-04-24 13:39:21 HttpClientConnectionOperator:connect] - Connection established 192.168.0.74:52210<->140.206.160.101:443
[DEBUG 2014-04-24 13:39:21 MainClientExec:execute] - Executing request GET /cgi-bin/token?grant_type=client_credential&appid=wxfec00410ccsfe2a0&secret=6e64edecb2b9b828213af3ed6f8929c HTTP/1.1
[DEBUG 2014-04-24 13:39:21 MainClientExec:execute] - Target auth state: UNCHALLENGED
[DEBUG 2014-04-24 13:39:21 MainClientExec:execute] - Proxy auth state: UNCHALLENGED
[DEBUG 2014-04-24 13:39:21 LoggingManagedHttpClientConnection:onRequestSubmitted] - http-outgoing-0 >> GET /cgi-bin/token?grant_type=client_credential&appid=wxfec00410ccsfe2a0&secret=6e64edecb2b9b828213af3ed6f8929c HTTP/1.1
[DEBUG 2014-04-24 13:39:21 LoggingManagedHttpClientConnection:onRequestSubmitted] - http-outgoing-0 >> Accept-Encoding: gzip
[DEBUG 2014-04-24 13:39:21 LoggingManagedHttpClientConnection:onRequestSubmitted] - http-outgoing-0 >> Accept-Language: zh-CN,zh;q=0.8
[DEBUG 2014-04-24 13:39:21 LoggingManagedHttpClientConnection:onRequestSubmitted] - http-outgoing-0 >> User-Agent: Mozilla/5.0 (Windows NT 6.1; WOW64) AppleWebKit/537.36 (KHTML, like Gecko) Chrome/33.0.1750.154 Safari/537.36
[DEBUG 2014-04-24 13:39:21 LoggingManagedHttpClientConnection:onRequestSubmitted] - http-outgoing-0 >> Host: api.weixin.qq.com
[DEBUG 2014-04-24 13:39:21 LoggingManagedHttpClientConnection:onRequestSubmitted] - http-outgoing-0 >> Connection: Keep-Alive
[DEBUG 2014-04-24 13:39:21 Wire:wire] - http-outgoing-0 >> "GET /cgi-bin/token?grant_type=client_credential&appid=wxfec00410ccsfe2a0&secret=6e64edecb2b9b828213af3ed6f8929c HTTP/1.1[\r][\n]"
[DEBUG 2014-04-24 13:39:21 Wire:wire] - http-outgoing-0 >> "Accept-Encoding: gzip[\r][\n]"
[DEBUG 2014-04-24 13:39:21 Wire:wire] - http-outgoing-0 >> "Accept-Language: zh-CN,zh;q=0.8[\r][\n]"
[DEBUG 2014-04-24 13:39:21 Wire:wire] - http-outgoing-0 >> "User-Agent: Mozilla/5.0 (Windows NT 6.1; WOW64) AppleWebKit/537.36 (KHTML, like Gecko) Chrome/33.0.1750.154 Safari/537.36[\r][\n]"
[DEBUG 2014-04-24 13:39:21 Wire:wire] - http-outgoing-0 >> "Host: api.weixin.qq.com[\r][\n]"
[DEBUG 2014-04-24 13:39:21 Wire:wire] - http-outgoing-0 >> "Connection: Keep-Alive[\r][\n]"
[DEBUG 2014-04-24 13:39:21 Wire:wire] - http-outgoing-0 >> "[\r][\n]"
[DEBUG 2014-04-24 13:39:21 Wire:wire] - http-outgoing-0 << "HTTP/1.1 200 OK[\r][\n]"
[DEBUG 2014-04-24 13:39:21 Wire:wire] - http-outgoing-0 << "Server: nginx/1.4.4[\r][\n]"
[DEBUG 2014-04-24 13:39:21 Wire:wire] - http-outgoing-0 << "Date: Thu, 24 Apr 2014 05:39:21 GMT[\r][\n]"
[DEBUG 2014-04-24 13:39:21 Wire:wire] - http-outgoing-0 << "Content-Type: application/json; encoding=utf-8[\r][\n]"
[DEBUG 2014-04-24 13:39:21 Wire:wire] - http-outgoing-0 << "Content-Length: 42[\r][\n]"
[DEBUG 2014-04-24 13:39:21 Wire:wire] - http-outgoing-0 << "Connection: keep-alive[\r][\n]"
[DEBUG 2014-04-24 13:39:21 Wire:wire] - http-outgoing-0 << "[\r][\n]"
[DEBUG 2014-04-24 13:39:21 Wire:wire] - http-outgoing-0 << "{"errcode":40013,"errmsg":"invalid appid"}"
[DEBUG 2014-04-24 13:39:21 LoggingManagedHttpClientConnection:onResponseReceived] - http-outgoing-0 << HTTP/1.1 200 OK
[DEBUG 2014-04-24 13:39:21 LoggingManagedHttpClientConnection:onResponseReceived] - http-outgoing-0 << Server: nginx/1.4.4
[DEBUG 2014-04-24 13:39:21 LoggingManagedHttpClientConnection:onResponseReceived] - http-outgoing-0 << Date: Thu, 24 Apr 2014 05:39:21 GMT
[DEBUG 2014-04-24 13:39:21 LoggingManagedHttpClientConnection:onResponseReceived] - http-outgoing-0 << Content-Type: application/json; encoding=utf-8
[DEBUG 2014-04-24 13:39:21 LoggingManagedHttpClientConnection:onResponseReceived] - http-outgoing-0 << Content-Length: 42
[DEBUG 2014-04-24 13:39:21 LoggingManagedHttpClientConnection:onResponseReceived] - http-outgoing-0 << Connection: keep-alive
[DEBUG 2014-04-24 13:39:21 MainClientExec:execute] - Connection can be kept alive for 30000 MILLISECONDS
[DEBUG 2014-04-24 13:39:21 PoolingHttpClientConnectionManager:releaseConnection] - Connection [id: 0][route: {s}->https://api.weixin.qq.com:443] can be kept alive for 30.0 seconds
[DEBUG 2014-04-24 13:39:21 PoolingHttpClientConnectionManager:releaseConnection] - Connection released: [id: 0][route: {s}->https://api.weixin.qq.com:443][total kept alive: 1; route allocated: 1 of 50; total allocated: 1 of 200]
[DEBUG 2014-04-24 13:39:21 RequestAddCookies:process] - CookieSpec selected: best-match
[DEBUG 2014-04-24 13:39:21 RequestAuthCache:process] - Auth cache not set in the context
[DEBUG 2014-04-24 13:39:21 PoolingHttpClientConnectionManager:requestConnection] - Connection request: [route: {s}->https://api.weixin.qq.com:443][total kept alive: 1; route allocated: 1 of 50; total allocated: 1 of 200]
[DEBUG 2014-04-24 13:39:21 PoolingHttpClientConnectionManager:leaseConnection] - Connection leased: [id: 0][route: {s}->https://api.weixin.qq.com:443][total kept alive: 0; route allocated: 1 of 50; total allocated: 1 of 200]
[DEBUG 2014-04-24 13:39:21 MainClientExec:execute] - Stale connection check
[DEBUG 2014-04-24 13:39:21 Wire:wire] - http-outgoing-0 << "[read] I/O error: Read timed out"
[DEBUG 2014-04-24 13:39:21 MainClientExec:execute] - Executing request POST /cgi-bin/message/custom/send?access_token=null HTTP/1.1
[DEBUG 2014-04-24 13:39:21 MainClientExec:execute] - Target auth state: UNCHALLENGED
[DEBUG 2014-04-24 13:39:21 MainClientExec:execute] - Proxy auth state: UNCHALLENGED
[DEBUG 2014-04-24 13:39:21 LoggingManagedHttpClientConnection:onRequestSubmitted] - http-outgoing-0 >> POST /cgi-bin/message/custom/send?access_token=null HTTP/1.1
[DEBUG 2014-04-24 13:39:21 LoggingManagedHttpClientConnection:onRequestSubmitted] - http-outgoing-0 >> Accept-Encoding: gzip
[DEBUG 2014-04-24 13:39:21 LoggingManagedHttpClientConnection:onRequestSubmitted] - http-outgoing-0 >> Accept-Language: zh-CN,zh;q=0.8
[DEBUG 2014-04-24 13:39:21 LoggingManagedHttpClientConnection:onRequestSubmitted] - http-outgoing-0 >> User-Agent: Mozilla/5.0 (Windows NT 6.1; WOW64) AppleWebKit/537.36 (KHTML, like Gecko) Chrome/33.0.1750.154 Safari/537.36
[DEBUG 2014-04-24 13:39:21 LoggingManagedHttpClientConnection:onRequestSubmitted] - http-outgoing-0 >> Content-Length: 87
[DEBUG 2014-04-24 13:39:21 LoggingManagedHttpClientConnection:onRequestSubmitted] - http-outgoing-0 >> Content-Type: application/json; encoding=utf-8
[DEBUG 2014-04-24 13:39:21 LoggingManagedHttpClientConnection:onRequestSubmitted] - http-outgoing-0 >> Host: api.weixin.qq.com
[DEBUG 2014-04-24 13:39:21 LoggingManagedHttpClientConnection:onRequestSubmitted] - http-outgoing-0 >> Connection: Keep-Alive
[DEBUG 2014-04-24 13:39:21 Wire:wire] - http-outgoing-0 >> "POST /cgi-bin/message/custom/send?access_token=null HTTP/1.1[\r][\n]"
[DEBUG 2014-04-24 13:39:21 Wire:wire] - http-outgoing-0 >> "Accept-Encoding: gzip[\r][\n]"
[DEBUG 2014-04-24 13:39:21 Wire:wire] - http-outgoing-0 >> "Accept-Language: zh-CN,zh;q=0.8[\r][\n]"
[DEBUG 2014-04-24 13:39:21 Wire:wire] - http-outgoing-0 >> "User-Agent: Mozilla/5.0 (Windows NT 6.1; WOW64) AppleWebKit/537.36 (KHTML, like Gecko) Chrome/33.0.1750.154 Safari/537.36[\r][\n]"
[DEBUG 2014-04-24 13:39:21 Wire:wire] - http-outgoing-0 >> "Content-Length: 87[\r][\n]"
[DEBUG 2014-04-24 13:39:21 Wire:wire] - http-outgoing-0 >> "Content-Type: application/json; encoding=utf-8[\r][\n]"
[DEBUG 2014-04-24 13:39:21 Wire:wire] - http-outgoing-0 >> "Host: api.weixin.qq.com[\r][\n]"
[DEBUG 2014-04-24 13:39:21 Wire:wire] - http-outgoing-0 >> "Connection: Keep-Alive[\r][\n]"
[DEBUG 2014-04-24 13:39:21 Wire:wire] - http-outgoing-0 >> "[\r][\n]"
[DEBUG 2014-04-24 13:39:21 Wire:wire] - http-outgoing-0 >> "{"touser":"oNbcTtxpwHYQq48qVZQVXxYSdjwU","msgtype":"text","text":{"content":"[0xe4][0xbd][0xa0][0xe5][0xa5][0xbd]~"}}"
[DEBUG 2014-04-24 13:39:21 Wire:wire] - http-outgoing-0 << "HTTP/1.1 200 OK[\r][\n]"
[DEBUG 2014-04-24 13:39:21 Wire:wire] - http-outgoing-0 << "Server: nginx/1.4.4[\r][\n]"
[DEBUG 2014-04-24 13:39:21 Wire:wire] - http-outgoing-0 << "Date: Thu, 24 Apr 2014 05:39:21 GMT[\r][\n]"
[DEBUG 2014-04-24 13:39:21 Wire:wire] - http-outgoing-0 << "Content-Type: application/json; encoding=utf-8[\r][\n]"
[DEBUG 2014-04-24 13:39:21 Wire:wire] - http-outgoing-0 << "Content-Length: 47[\r][\n]"
[DEBUG 2014-04-24 13:39:21 Wire:wire] - http-outgoing-0 << "Connection: keep-alive[\r][\n]"
[DEBUG 2014-04-24 13:39:21 Wire:wire] - http-outgoing-0 << "[\r][\n]"
[DEBUG 2014-04-24 13:39:21 Wire:wire] - http-outgoing-0 << "{"errcode":40001,"errmsg":"invalid credential"}"
[DEBUG 2014-04-24 13:39:21 LoggingManagedHttpClientConnection:onResponseReceived] - http-outgoing-0 << HTTP/1.1 200 OK
[DEBUG 2014-04-24 13:39:21 LoggingManagedHttpClientConnection:onResponseReceived] - http-outgoing-0 << Server: nginx/1.4.4
[DEBUG 2014-04-24 13:39:21 LoggingManagedHttpClientConnection:onResponseReceived] - http-outgoing-0 << Date: Thu, 24 Apr 2014 05:39:21 GMT
[DEBUG 2014-04-24 13:39:21 LoggingManagedHttpClientConnection:onResponseReceived] - http-outgoing-0 << Content-Type: application/json; encoding=utf-8
[DEBUG 2014-04-24 13:39:21 LoggingManagedHttpClientConnection:onResponseReceived] - http-outgoing-0 << Content-Length: 47
[DEBUG 2014-04-24 13:39:21 LoggingManagedHttpClientConnection:onResponseReceived] - http-outgoing-0 << Connection: keep-alive
[DEBUG 2014-04-24 13:39:21 MainClientExec:execute] - Connection can be kept alive for 30000 MILLISECONDS
[DEBUG 2014-04-24 13:39:21 PoolingHttpClientConnectionManager:releaseConnection] - Connection [id: 0][route: {s}->https://api.weixin.qq.com:443] can be kept alive for 30.0 seconds
[DEBUG 2014-04-24 13:39:21 PoolingHttpClientConnectionManager:releaseConnection] - Connection released: [id: 0][route: {s}->https://api.weixin.qq.com:443][total kept alive: 1; route allocated: 1 of 50; total allocated: 1 of 200]
[DEBUG 2014-04-24 13:39:21 AbstractConverter:setDefaultValue] - Setting default value: false
[DEBUG 2014-04-24 13:39:21 AbstractConverter:convert] - Converting 'Boolean' value 'false' to type 'Boolean'
[DEBUG 2014-04-24 13:39:21 AbstractConverter:convert] -     No conversion required, value is already a Boolean
[DEBUG 2014-04-24 13:39:21 AbstractConverter:setDefaultValue] - Setting default value: 0
[DEBUG 2014-04-24 13:39:21 AbstractConverter:convert] - Converting 'Integer' value '0' to type 'Byte'
[DEBUG 2014-04-24 13:39:21 AbstractConverter:convert] -     Converted to Byte value '0'
[DEBUG 2014-04-24 13:39:21 AbstractConverter:setDefaultValue] - Setting default value:  
[DEBUG 2014-04-24 13:39:21 AbstractConverter:convert] - Converting 'Character' value ' ' to type 'Character'
[DEBUG 2014-04-24 13:39:21 AbstractConverter:convert] -     No conversion required, value is already a Character
[DEBUG 2014-04-24 13:39:21 AbstractConverter:setDefaultValue] - Setting default value: 0
[DEBUG 2014-04-24 13:39:21 AbstractConverter:convert] - Converting 'Integer' value '0' to type 'Double'
[DEBUG 2014-04-24 13:39:21 AbstractConverter:convert] -     Converted to Double value '0.0'
[DEBUG 2014-04-24 13:39:21 AbstractConverter:setDefaultValue] - Setting default value: 0
[DEBUG 2014-04-24 13:39:21 AbstractConverter:convert] - Converting 'Integer' value '0' to type 'Float'
[DEBUG 2014-04-24 13:39:21 AbstractConverter:convert] -     Converted to Float value '0.0'
[DEBUG 2014-04-24 13:39:21 AbstractConverter:setDefaultValue] - Setting default value: 0
[DEBUG 2014-04-24 13:39:21 AbstractConverter:convert] - Converting 'Integer' value '0' to type 'Integer'
[DEBUG 2014-04-24 13:39:21 AbstractConverter:convert] -     No conversion required, value is already a Integer
[DEBUG 2014-04-24 13:39:21 AbstractConverter:setDefaultValue] - Setting default value: 0
[DEBUG 2014-04-24 13:39:21 AbstractConverter:convert] - Converting 'Integer' value '0' to type 'Long'
[DEBUG 2014-04-24 13:39:21 AbstractConverter:convert] -     Converted to Long value '0'
[DEBUG 2014-04-24 13:39:21 AbstractConverter:setDefaultValue] - Setting default value: 0
[DEBUG 2014-04-24 13:39:21 AbstractConverter:convert] - Converting 'Integer' value '0' to type 'Short'
[DEBUG 2014-04-24 13:39:21 AbstractConverter:convert] -     Converted to Short value '0'
[DEBUG 2014-04-24 13:39:21 AbstractConverter:setDefaultValue] - Setting default value: 0.0
[DEBUG 2014-04-24 13:39:21 AbstractConverter:convert] - Converting 'BigDecimal' value '0.0' to type 'BigDecimal'
[DEBUG 2014-04-24 13:39:21 AbstractConverter:convert] -     No conversion required, value is already a BigDecimal
[DEBUG 2014-04-24 13:39:21 AbstractConverter:setDefaultValue] - Setting default value: 0
[DEBUG 2014-04-24 13:39:21 AbstractConverter:convert] - Converting 'BigInteger' value '0' to type 'BigInteger'
[DEBUG 2014-04-24 13:39:21 AbstractConverter:convert] -     No conversion required, value is already a BigInteger
[DEBUG 2014-04-24 13:39:21 AbstractConverter:setDefaultValue] - Setting default value: false
[DEBUG 2014-04-24 13:39:21 AbstractConverter:convert] - Converting 'Boolean' value 'false' to type 'Boolean'
[DEBUG 2014-04-24 13:39:21 AbstractConverter:convert] -     No conversion required, value is already a Boolean
[DEBUG 2014-04-24 13:39:21 AbstractConverter:setDefaultValue] - Setting default value: 0
[DEBUG 2014-04-24 13:39:21 AbstractConverter:convert] - Converting 'Integer' value '0' to type 'Byte'
[DEBUG 2014-04-24 13:39:21 AbstractConverter:convert] -     Converted to Byte value '0'
[DEBUG 2014-04-24 13:39:21 AbstractConverter:setDefaultValue] - Setting default value:  
[DEBUG 2014-04-24 13:39:21 AbstractConverter:convert] - Converting 'Character' value ' ' to type 'Character'
[DEBUG 2014-04-24 13:39:21 AbstractConverter:convert] -     No conversion required, value is already a Character
[DEBUG 2014-04-24 13:39:21 AbstractConverter:setDefaultValue] - Setting default value: 0
[DEBUG 2014-04-24 13:39:21 AbstractConverter:convert] - Converting 'Integer' value '0' to type 'Double'
[DEBUG 2014-04-24 13:39:21 AbstractConverter:convert] -     Converted to Double value '0.0'
[DEBUG 2014-04-24 13:39:21 AbstractConverter:setDefaultValue] - Setting default value: 0
[DEBUG 2014-04-24 13:39:21 AbstractConverter:convert] - Converting 'Integer' value '0' to type 'Float'
[DEBUG 2014-04-24 13:39:21 AbstractConverter:convert] -     Converted to Float value '0.0'
[DEBUG 2014-04-24 13:39:21 AbstractConverter:setDefaultValue] - Setting default value: 0
[DEBUG 2014-04-24 13:39:21 AbstractConverter:convert] - Converting 'Integer' value '0' to type 'Integer'
[DEBUG 2014-04-24 13:39:21 AbstractConverter:convert] -     No conversion required, value is already a Integer
[DEBUG 2014-04-24 13:39:21 AbstractConverter:setDefaultValue] - Setting default value: 0
[DEBUG 2014-04-24 13:39:21 AbstractConverter:convert] - Converting 'Integer' value '0' to type 'Long'
[DEBUG 2014-04-24 13:39:21 AbstractConverter:convert] -     Converted to Long value '0'
[DEBUG 2014-04-24 13:39:21 AbstractConverter:setDefaultValue] - Setting default value: 0
[DEBUG 2014-04-24 13:39:21 AbstractConverter:convert] - Converting 'Integer' value '0' to type 'Short'
[DEBUG 2014-04-24 13:39:21 AbstractConverter:convert] -     Converted to Short value '0'
[DEBUG 2014-04-24 13:39:21 AbstractConverter:setDefaultValue] - Setting default value: 
[DEBUG 2014-04-24 13:39:21 AbstractConverter:convert] - Converting 'String' value '' to type 'String'
[DEBUG 2014-04-24 13:39:21 AbstractConverter:setDefaultValue] - Setting default value: [Z@d3db51
[DEBUG 2014-04-24 13:39:21 AbstractConverter:convert] - Converting 'boolean[]' value '[Z@d3db51' to type 'boolean[]'
[DEBUG 2014-04-24 13:39:21 AbstractConverter:convert] -     No conversion required, value is already a boolean[]
[DEBUG 2014-04-24 13:39:21 AbstractConverter:setDefaultValue] - Setting default value: [B@e3c624
[DEBUG 2014-04-24 13:39:21 AbstractConverter:convert] - Converting 'byte[]' value '[B@e3c624' to type 'byte[]'
[DEBUG 2014-04-24 13:39:21 AbstractConverter:convert] -     No conversion required, value is already a byte[]
[DEBUG 2014-04-24 13:39:21 AbstractConverter:setDefaultValue] - Setting default value: [C@1e57e8f
[DEBUG 2014-04-24 13:39:21 AbstractConverter:convert] - Converting 'char[]' value '[C@1e57e8f' to type 'char[]'
[DEBUG 2014-04-24 13:39:21 AbstractConverter:convert] -     No conversion required, value is already a char[]
[DEBUG 2014-04-24 13:39:21 AbstractConverter:setDefaultValue] - Setting default value: [D@1d7fbfb
[DEBUG 2014-04-24 13:39:21 AbstractConverter:convert] - Converting 'double[]' value '[D@1d7fbfb' to type 'double[]'
[DEBUG 2014-04-24 13:39:21 AbstractConverter:convert] -     No conversion required, value is already a double[]
[DEBUG 2014-04-24 13:39:21 AbstractConverter:setDefaultValue] - Setting default value: [F@e020c9
[DEBUG 2014-04-24 13:39:21 AbstractConverter:convert] - Converting 'float[]' value '[F@e020c9' to type 'float[]'
[DEBUG 2014-04-24 13:39:21 AbstractConverter:convert] -     No conversion required, value is already a float[]
[DEBUG 2014-04-24 13:39:21 AbstractConverter:setDefaultValue] - Setting default value: [I@888e6c
[DEBUG 2014-04-24 13:39:21 AbstractConverter:convert] - Converting 'int[]' value '[I@888e6c' to type 'int[]'
[DEBUG 2014-04-24 13:39:21 AbstractConverter:convert] -     No conversion required, value is already a int[]
[DEBUG 2014-04-24 13:39:21 AbstractConverter:setDefaultValue] - Setting default value: [J@13e58d4
[DEBUG 2014-04-24 13:39:21 AbstractConverter:convert] - Converting 'long[]' value '[J@13e58d4' to type 'long[]'
[DEBUG 2014-04-24 13:39:21 AbstractConverter:convert] -     No conversion required, value is already a long[]
[DEBUG 2014-04-24 13:39:21 AbstractConverter:setDefaultValue] - Setting default value: [S@39e5b5
[DEBUG 2014-04-24 13:39:21 AbstractConverter:convert] - Converting 'short[]' value '[S@39e5b5' to type 'short[]'
[DEBUG 2014-04-24 13:39:21 AbstractConverter:convert] -     No conversion required, value is already a short[]
[DEBUG 2014-04-24 13:39:21 AbstractConverter:setDefaultValue] - Setting default value: [Ljava.math.BigDecimal;@117f31e
[DEBUG 2014-04-24 13:39:21 AbstractConverter:convert] - Converting 'BigDecimal[]' value '[Ljava.math.BigDecimal;@117f31e' to type 'BigDecimal[]'
[DEBUG 2014-04-24 13:39:21 AbstractConverter:convert] -     No conversion required, value is already a BigDecimal[]
[DEBUG 2014-04-24 13:39:21 AbstractConverter:setDefaultValue] - Setting default value: [Ljava.math.BigInteger;@15a6029
[DEBUG 2014-04-24 13:39:21 AbstractConverter:convert] - Converting 'BigInteger[]' value '[Ljava.math.BigInteger;@15a6029' to type 'BigInteger[]'
[DEBUG 2014-04-24 13:39:21 AbstractConverter:convert] -     No conversion required, value is already a BigInteger[]
[DEBUG 2014-04-24 13:39:21 AbstractConverter:setDefaultValue] - Setting default value: [Ljava.lang.Boolean;@5f6303
[DEBUG 2014-04-24 13:39:21 AbstractConverter:convert] - Converting 'Boolean[]' value '[Ljava.lang.Boolean;@5f6303' to type 'Boolean[]'
[DEBUG 2014-04-24 13:39:21 AbstractConverter:convert] -     No conversion required, value is already a Boolean[]
[DEBUG 2014-04-24 13:39:21 AbstractConverter:setDefaultValue] - Setting default value: [Ljava.lang.Byte;@5d9084
[DEBUG 2014-04-24 13:39:21 AbstractConverter:convert] - Converting 'Byte[]' value '[Ljava.lang.Byte;@5d9084' to type 'Byte[]'
[DEBUG 2014-04-24 13:39:21 AbstractConverter:convert] -     No conversion required, value is already a Byte[]
[DEBUG 2014-04-24 13:39:21 AbstractConverter:setDefaultValue] - Setting default value: [Ljava.lang.Character;@bad8a8
[DEBUG 2014-04-24 13:39:21 AbstractConverter:convert] - Converting 'Character[]' value '[Ljava.lang.Character;@bad8a8' to type 'Character[]'
[DEBUG 2014-04-24 13:39:21 AbstractConverter:convert] -     No conversion required, value is already a Character[]
[DEBUG 2014-04-24 13:39:21 AbstractConverter:setDefaultValue] - Setting default value: [Ljava.lang.Double;@e61fd1
[DEBUG 2014-04-24 13:39:21 AbstractConverter:convert] - Converting 'Double[]' value '[Ljava.lang.Double;@e61fd1' to type 'Double[]'
[DEBUG 2014-04-24 13:39:21 AbstractConverter:convert] -     No conversion required, value is already a Double[]
[DEBUG 2014-04-24 13:39:21 AbstractConverter:setDefaultValue] - Setting default value: [Ljava.lang.Float;@331059
[DEBUG 2014-04-24 13:39:21 AbstractConverter:convert] - Converting 'Float[]' value '[Ljava.lang.Float;@331059' to type 'Float[]'
[DEBUG 2014-04-24 13:39:21 AbstractConverter:convert] -     No conversion required, value is already a Float[]
[DEBUG 2014-04-24 13:39:21 AbstractConverter:setDefaultValue] - Setting default value: [Ljava.lang.Integer;@766a24
[DEBUG 2014-04-24 13:39:21 AbstractConverter:convert] - Converting 'Integer[]' value '[Ljava.lang.Integer;@766a24' to type 'Integer[]'
[DEBUG 2014-04-24 13:39:21 AbstractConverter:convert] -     No conversion required, value is already a Integer[]
[DEBUG 2014-04-24 13:39:21 AbstractConverter:setDefaultValue] - Setting default value: [Ljava.lang.Long;@32784a
[DEBUG 2014-04-24 13:39:21 AbstractConverter:convert] - Converting 'Long[]' value '[Ljava.lang.Long;@32784a' to type 'Long[]'
[DEBUG 2014-04-24 13:39:21 AbstractConverter:convert] -     No conversion required, value is already a Long[]
[DEBUG 2014-04-24 13:39:21 AbstractConverter:setDefaultValue] - Setting default value: [Ljava.lang.Short;@1774b9b
[DEBUG 2014-04-24 13:39:21 AbstractConverter:convert] - Converting 'Short[]' value '[Ljava.lang.Short;@1774b9b' to type 'Short[]'
[DEBUG 2014-04-24 13:39:21 AbstractConverter:convert] -     No conversion required, value is already a Short[]
[DEBUG 2014-04-24 13:39:21 AbstractConverter:setDefaultValue] - Setting default value: [Ljava.lang.String;@104c575
[DEBUG 2014-04-24 13:39:21 AbstractConverter:convert] - Converting 'String[]' value '[Ljava.lang.String;@104c575' to type 'String[]'
[DEBUG 2014-04-24 13:39:21 AbstractConverter:convert] -     No conversion required, value is already a String[]
[DEBUG 2014-04-24 13:39:21 AbstractConverter:setDefaultValue] - Setting default value: [Ljava.lang.Class;@3fa5ac
[DEBUG 2014-04-24 13:39:21 AbstractConverter:convert] - Converting 'Class[]' value '[Ljava.lang.Class;@3fa5ac' to type 'Class[]'
[DEBUG 2014-04-24 13:39:21 AbstractConverter:convert] -     No conversion required, value is already a Class[]
[DEBUG 2014-04-24 13:39:21 AbstractConverter:setDefaultValue] - Setting default value: [Ljava.util.Date;@95cfbe
[DEBUG 2014-04-24 13:39:21 AbstractConverter:convert] - Converting 'Date[]' value '[Ljava.util.Date;@95cfbe' to type 'Date[]'
[DEBUG 2014-04-24 13:39:21 AbstractConverter:convert] -     No conversion required, value is already a Date[]
[DEBUG 2014-04-24 13:39:21 AbstractConverter:setDefaultValue] - Setting default value: [Ljava.util.Calendar;@1950198
[DEBUG 2014-04-24 13:39:21 AbstractConverter:convert] - Converting 'Calendar[]' value '[Ljava.util.Calendar;@1950198' to type 'Calendar[]'
[DEBUG 2014-04-24 13:39:21 AbstractConverter:convert] -     No conversion required, value is already a Calendar[]
[DEBUG 2014-04-24 13:39:21 AbstractConverter:setDefaultValue] - Setting default value: [Ljava.io.File;@da6bf4
[DEBUG 2014-04-24 13:39:21 AbstractConverter:convert] - Converting 'java.io.File[]' value '[Ljava.io.File;@da6bf4' to type 'java.io.File[]'
[DEBUG 2014-04-24 13:39:21 AbstractConverter:convert] -     No conversion required, value is already a java.io.File[]
[DEBUG 2014-04-24 13:39:21 AbstractConverter:setDefaultValue] - Setting default value: [Ljava.sql.Date;@179935d
[DEBUG 2014-04-24 13:39:21 AbstractConverter:convert] - Converting 'java.sql.Date[]' value '[Ljava.sql.Date;@179935d' to type 'java.sql.Date[]'
[DEBUG 2014-04-24 13:39:21 AbstractConverter:convert] -     No conversion required, value is already a java.sql.Date[]
[DEBUG 2014-04-24 13:39:21 AbstractConverter:setDefaultValue] - Setting default value: [Ljava.sql.Time;@3ef810
[DEBUG 2014-04-24 13:39:21 AbstractConverter:convert] - Converting 'java.sql.Time[]' value '[Ljava.sql.Time;@3ef810' to type 'java.sql.Time[]'
[DEBUG 2014-04-24 13:39:21 AbstractConverter:convert] -     No conversion required, value is already a java.sql.Time[]
[DEBUG 2014-04-24 13:39:21 AbstractConverter:setDefaultValue] - Setting default value: [Ljava.sql.Timestamp;@14e8cee
[DEBUG 2014-04-24 13:39:21 AbstractConverter:convert] - Converting 'java.sql.Timestamp[]' value '[Ljava.sql.Timestamp;@14e8cee' to type 'java.sql.Timestamp[]'
[DEBUG 2014-04-24 13:39:21 AbstractConverter:convert] -     No conversion required, value is already a java.sql.Timestamp[]
[DEBUG 2014-04-24 13:39:21 AbstractConverter:setDefaultValue] - Setting default value: [Ljava.net.URL;@97d01f
[DEBUG 2014-04-24 13:39:21 AbstractConverter:convert] - Converting 'java.net.URL[]' value '[Ljava.net.URL;@97d01f' to type 'java.net.URL[]'
[DEBUG 2014-04-24 13:39:21 AbstractConverter:convert] -     No conversion required, value is already a java.net.URL[]
